[2026-02-03T21:50:33.712+0000] {taskinstance.py:1956} INFO - Dependencies all met for dep_context=non-requeueable deps ti=<TaskInstance: analyze_nyc_taxi.analyze_taxi_data manual__2026-02-03T21:50:32.613646+00:00 [queued]>
[2026-02-03T21:50:33.720+0000] {taskinstance.py:1956} INFO - Dependencies all met for dep_context=requeueable deps ti=<TaskInstance: analyze_nyc_taxi.analyze_taxi_data manual__2026-02-03T21:50:32.613646+00:00 [queued]>
[2026-02-03T21:50:33.721+0000] {taskinstance.py:2170} INFO - Starting attempt 1 of 1
[2026-02-03T21:50:33.733+0000] {taskinstance.py:2191} INFO - Executing <Task(PythonOperator): analyze_taxi_data> on 2026-02-03 21:50:32.613646+00:00
[2026-02-03T21:50:33.737+0000] {standard_task_runner.py:60} INFO - Started process 364 to run task
[2026-02-03T21:50:33.742+0000] {standard_task_runner.py:87} INFO - Running: ['***', 'tasks', 'run', 'analyze_nyc_taxi', 'analyze_taxi_data', 'manual__2026-02-03T21:50:32.613646+00:00', '--job-id', '2', '--raw', '--subdir', 'DAGS_FOLDER/ingest_nyc_taxi.py', '--cfg-path', '/tmp/tmpqskp9wj9']
[2026-02-03T21:50:33.744+0000] {standard_task_runner.py:88} INFO - Job 2: Subtask analyze_taxi_data
[2026-02-03T21:50:33.795+0000] {task_command.py:423} INFO - Running <TaskInstance: analyze_nyc_taxi.analyze_taxi_data manual__2026-02-03T21:50:32.613646+00:00 [running]> on host e4abb80f9014
[2026-02-03T21:50:33.878+0000] {taskinstance.py:2480} INFO - Exporting env vars: AIRFLOW_CTX_DAG_OWNER='***' AIRFLOW_CTX_DAG_ID='analyze_nyc_taxi' AIRFLOW_CTX_TASK_ID='analyze_taxi_data' AIRFLOW_CTX_EXECUTION_DATE='2026-02-03T21:50:32.613646+00:00' AIRFLOW_CTX_TRY_NUMBER='1' AIRFLOW_CTX_DAG_RUN_ID='manual__2026-02-03T21:50:32.613646+00:00'
[2026-02-03T21:50:33.880+0000] {logging_mixin.py:188} INFO - ======================================================================
[2026-02-03T21:50:33.881+0000] {logging_mixin.py:188} INFO - 📊 NYC TAXI DATA ANALYSIS
[2026-02-03T21:50:33.881+0000] {logging_mixin.py:188} INFO - ======================================================================
[2026-02-03T21:50:33.889+0000] {taskinstance.py:2698} ERROR - Task failed with exception
Traceback (most recent call last):
  File "/home/airflow/.local/lib/python3.10/site-packages/airflow/models/taskinstance.py", line 433, in _execute_task
    result = execute_callable(context=context, **execute_callable_kwargs)
  File "/home/airflow/.local/lib/python3.10/site-packages/airflow/operators/python.py", line 199, in execute
    return_value = self.execute_callable()
  File "/home/airflow/.local/lib/python3.10/site-packages/airflow/operators/python.py", line 216, in execute_callable
    return self.python_callable(*self.op_args, **self.op_kwargs)
  File "/opt/airflow/dags/ingest_nyc_taxi.py", line 16, in analyze_taxi_data
    con = duckdb.connect(DUCKDB_PATH, read_only=True)
duckdb.CatalogException: Catalog Error: Cannot open database "/opt/***/warehouse/warehouse.duckdb" in read-only mode: database does not exist
[2026-02-03T21:50:33.902+0000] {taskinstance.py:1138} INFO - Marking task as FAILED. dag_id=analyze_nyc_taxi, task_id=analyze_taxi_data, execution_date=20260203T215032, start_date=20260203T215033, end_date=20260203T215033
[2026-02-03T21:50:33.913+0000] {standard_task_runner.py:107} ERROR - Failed to execute job 2 for task analyze_taxi_data (Catalog Error: Cannot open database "/opt/***/warehouse/warehouse.duckdb" in read-only mode: database does not exist; 364)
[2026-02-03T21:50:33.955+0000] {local_task_job_runner.py:234} INFO - Task exited with return code 1
[2026-02-03T21:50:33.977+0000] {taskinstance.py:3280} INFO - 0 downstream tasks scheduled from follow-on schedule check
