[2026-02-03T21:41:23.140+0000] {processor.py:161} INFO - Started process (PID=236) to work on /opt/airflow/dags/analyze_nyc_taxi.py
[2026-02-03T21:41:23.141+0000] {processor.py:830} INFO - Processing file /opt/airflow/dags/analyze_nyc_taxi.py for tasks to queue
[2026-02-03T21:41:23.143+0000] {logging_mixin.py:188} INFO - [2026-02-03T21:41:23.142+0000] {dagbag.py:538} INFO - Filling up the DagBag from /opt/airflow/dags/analyze_nyc_taxi.py
[2026-02-03T21:41:23.175+0000] {logging_mixin.py:188} INFO - [2026-02-03T21:41:23.170+0000] {dagbag.py:348} ERROR - Failed to import: /opt/airflow/dags/analyze_nyc_taxi.py
Traceback (most recent call last):
  File "/home/airflow/.local/lib/python3.10/site-packages/airflow/models/dagbag.py", line 344, in parse
    loader.exec_module(new_module)
  File "<frozen importlib._bootstrap_external>", line 883, in exec_module
  File "<frozen importlib._bootstrap>", line 241, in _call_with_frames_removed
  File "/opt/airflow/dags/analyze_nyc_taxi.py", line 1, in <module>
    from airflow.providers.standard.operators.python import PythonOperator
ModuleNotFoundError: No module named 'airflow.providers.standard'
[2026-02-03T21:41:23.178+0000] {processor.py:842} WARNING - No viable dags retrieved from /opt/airflow/dags/analyze_nyc_taxi.py
[2026-02-03T21:41:23.211+0000] {processor.py:183} INFO - Processing /opt/airflow/dags/analyze_nyc_taxi.py took 0.077 seconds
[2026-02-03T21:41:53.700+0000] {processor.py:161} INFO - Started process (PID=254) to work on /opt/airflow/dags/analyze_nyc_taxi.py
[2026-02-03T21:41:53.702+0000] {processor.py:830} INFO - Processing file /opt/airflow/dags/analyze_nyc_taxi.py for tasks to queue
[2026-02-03T21:41:53.704+0000] {logging_mixin.py:188} INFO - [2026-02-03T21:41:53.704+0000] {dagbag.py:538} INFO - Filling up the DagBag from /opt/airflow/dags/analyze_nyc_taxi.py
[2026-02-03T21:41:53.763+0000] {logging_mixin.py:188} INFO - [2026-02-03T21:41:53.754+0000] {dagbag.py:348} ERROR - Failed to import: /opt/airflow/dags/analyze_nyc_taxi.py
Traceback (most recent call last):
  File "/home/airflow/.local/lib/python3.10/site-packages/airflow/models/dagbag.py", line 344, in parse
    loader.exec_module(new_module)
  File "<frozen importlib._bootstrap_external>", line 883, in exec_module
  File "<frozen importlib._bootstrap>", line 241, in _call_with_frames_removed
  File "/opt/airflow/dags/analyze_nyc_taxi.py", line 1, in <module>
    from airflow.providers.standard.operators.python import PythonOperator
ModuleNotFoundError: No module named 'airflow.providers.standard'
[2026-02-03T21:41:53.765+0000] {processor.py:842} WARNING - No viable dags retrieved from /opt/airflow/dags/analyze_nyc_taxi.py
[2026-02-03T21:41:53.812+0000] {processor.py:183} INFO - Processing /opt/airflow/dags/analyze_nyc_taxi.py took 0.118 seconds
[2026-02-03T21:42:24.150+0000] {processor.py:161} INFO - Started process (PID=272) to work on /opt/airflow/dags/analyze_nyc_taxi.py
[2026-02-03T21:42:24.152+0000] {processor.py:830} INFO - Processing file /opt/airflow/dags/analyze_nyc_taxi.py for tasks to queue
[2026-02-03T21:42:24.154+0000] {logging_mixin.py:188} INFO - [2026-02-03T21:42:24.154+0000] {dagbag.py:538} INFO - Filling up the DagBag from /opt/airflow/dags/analyze_nyc_taxi.py
[2026-02-03T21:42:24.192+0000] {logging_mixin.py:188} INFO - [2026-02-03T21:42:24.186+0000] {dagbag.py:348} ERROR - Failed to import: /opt/airflow/dags/analyze_nyc_taxi.py
Traceback (most recent call last):
  File "/home/airflow/.local/lib/python3.10/site-packages/airflow/models/dagbag.py", line 344, in parse
    loader.exec_module(new_module)
  File "<frozen importlib._bootstrap_external>", line 883, in exec_module
  File "<frozen importlib._bootstrap>", line 241, in _call_with_frames_removed
  File "/opt/airflow/dags/analyze_nyc_taxi.py", line 1, in <module>
    from airflow.providers.standard.operators.python import PythonOperator
ModuleNotFoundError: No module named 'airflow.providers.standard'
[2026-02-03T21:42:24.194+0000] {processor.py:842} WARNING - No viable dags retrieved from /opt/airflow/dags/analyze_nyc_taxi.py
[2026-02-03T21:42:24.240+0000] {processor.py:183} INFO - Processing /opt/airflow/dags/analyze_nyc_taxi.py took 0.096 seconds
[2026-02-03T21:42:54.567+0000] {processor.py:161} INFO - Started process (PID=290) to work on /opt/airflow/dags/analyze_nyc_taxi.py
[2026-02-03T21:42:54.570+0000] {processor.py:830} INFO - Processing file /opt/airflow/dags/analyze_nyc_taxi.py for tasks to queue
[2026-02-03T21:42:54.572+0000] {logging_mixin.py:188} INFO - [2026-02-03T21:42:54.572+0000] {dagbag.py:538} INFO - Filling up the DagBag from /opt/airflow/dags/analyze_nyc_taxi.py
[2026-02-03T21:42:54.610+0000] {logging_mixin.py:188} INFO - [2026-02-03T21:42:54.603+0000] {dagbag.py:348} ERROR - Failed to import: /opt/airflow/dags/analyze_nyc_taxi.py
Traceback (most recent call last):
  File "/home/airflow/.local/lib/python3.10/site-packages/airflow/models/dagbag.py", line 344, in parse
    loader.exec_module(new_module)
  File "<frozen importlib._bootstrap_external>", line 883, in exec_module
  File "<frozen importlib._bootstrap>", line 241, in _call_with_frames_removed
  File "/opt/airflow/dags/analyze_nyc_taxi.py", line 1, in <module>
    from airflow.providers.standard.operators.python import PythonOperator
ModuleNotFoundError: No module named 'airflow.providers.standard'
[2026-02-03T21:42:54.614+0000] {processor.py:842} WARNING - No viable dags retrieved from /opt/airflow/dags/analyze_nyc_taxi.py
[2026-02-03T21:42:54.652+0000] {processor.py:183} INFO - Processing /opt/airflow/dags/analyze_nyc_taxi.py took 0.091 seconds
[2026-02-03T22:13:19.921+0000] {processor.py:161} INFO - Started process (PID=184) to work on /opt/airflow/dags/analyze_nyc_taxi.py
[2026-02-03T22:13:19.936+0000] {processor.py:830} INFO - Processing file /opt/airflow/dags/analyze_nyc_taxi.py for tasks to queue
[2026-02-03T22:13:19.938+0000] {logging_mixin.py:188} INFO - [2026-02-03T22:13:19.938+0000] {dagbag.py:538} INFO - Filling up the DagBag from /opt/airflow/dags/analyze_nyc_taxi.py
[2026-02-03T22:13:20.140+0000] {logging_mixin.py:188} INFO - [2026-02-03T22:13:20.134+0000] {dagbag.py:348} ERROR - Failed to import: /opt/airflow/dags/analyze_nyc_taxi.py
Traceback (most recent call last):
  File "/home/airflow/.local/lib/python3.10/site-packages/airflow/models/dagbag.py", line 344, in parse
    loader.exec_module(new_module)
  File "<frozen importlib._bootstrap_external>", line 883, in exec_module
  File "<frozen importlib._bootstrap>", line 241, in _call_with_frames_removed
  File "/opt/airflow/dags/analyze_nyc_taxi.py", line 158, in <module>
    analyze = PythonOperator(
NameError: name 'PythonOperator' is not defined
[2026-02-03T22:13:20.142+0000] {processor.py:842} WARNING - No viable dags retrieved from /opt/airflow/dags/analyze_nyc_taxi.py
[2026-02-03T22:13:20.170+0000] {processor.py:183} INFO - Processing /opt/airflow/dags/analyze_nyc_taxi.py took 0.256 seconds
[2026-02-03T22:13:50.389+0000] {processor.py:161} INFO - Started process (PID=262) to work on /opt/airflow/dags/analyze_nyc_taxi.py
[2026-02-03T22:13:50.390+0000] {processor.py:830} INFO - Processing file /opt/airflow/dags/analyze_nyc_taxi.py for tasks to queue
[2026-02-03T22:13:50.392+0000] {logging_mixin.py:188} INFO - [2026-02-03T22:13:50.391+0000] {dagbag.py:538} INFO - Filling up the DagBag from /opt/airflow/dags/analyze_nyc_taxi.py
[2026-02-03T22:13:50.461+0000] {logging_mixin.py:188} INFO - [2026-02-03T22:13:50.455+0000] {dagbag.py:348} ERROR - Failed to import: /opt/airflow/dags/analyze_nyc_taxi.py
Traceback (most recent call last):
  File "/home/airflow/.local/lib/python3.10/site-packages/airflow/models/dagbag.py", line 344, in parse
    loader.exec_module(new_module)
  File "<frozen importlib._bootstrap_external>", line 883, in exec_module
  File "<frozen importlib._bootstrap>", line 241, in _call_with_frames_removed
  File "/opt/airflow/dags/analyze_nyc_taxi.py", line 158, in <module>
    analyze = PythonOperator(
NameError: name 'PythonOperator' is not defined
[2026-02-03T22:13:50.464+0000] {processor.py:842} WARNING - No viable dags retrieved from /opt/airflow/dags/analyze_nyc_taxi.py
[2026-02-03T22:13:50.497+0000] {processor.py:183} INFO - Processing /opt/airflow/dags/analyze_nyc_taxi.py took 0.115 seconds
[2026-02-03T22:14:21.153+0000] {processor.py:161} INFO - Started process (PID=307) to work on /opt/airflow/dags/analyze_nyc_taxi.py
[2026-02-03T22:14:21.155+0000] {processor.py:830} INFO - Processing file /opt/airflow/dags/analyze_nyc_taxi.py for tasks to queue
[2026-02-03T22:14:21.157+0000] {logging_mixin.py:188} INFO - [2026-02-03T22:14:21.156+0000] {dagbag.py:538} INFO - Filling up the DagBag from /opt/airflow/dags/analyze_nyc_taxi.py
[2026-02-03T22:14:21.232+0000] {logging_mixin.py:188} INFO - [2026-02-03T22:14:21.225+0000] {dagbag.py:348} ERROR - Failed to import: /opt/airflow/dags/analyze_nyc_taxi.py
Traceback (most recent call last):
  File "/home/airflow/.local/lib/python3.10/site-packages/airflow/models/dagbag.py", line 344, in parse
    loader.exec_module(new_module)
  File "<frozen importlib._bootstrap_external>", line 883, in exec_module
  File "<frozen importlib._bootstrap>", line 241, in _call_with_frames_removed
  File "/opt/airflow/dags/analyze_nyc_taxi.py", line 158, in <module>
    analyze = PythonOperator(
NameError: name 'PythonOperator' is not defined
[2026-02-03T22:14:21.235+0000] {processor.py:842} WARNING - No viable dags retrieved from /opt/airflow/dags/analyze_nyc_taxi.py
[2026-02-03T22:14:21.267+0000] {processor.py:183} INFO - Processing /opt/airflow/dags/analyze_nyc_taxi.py took 0.118 seconds
[2026-02-03T22:14:51.738+0000] {processor.py:161} INFO - Started process (PID=352) to work on /opt/airflow/dags/analyze_nyc_taxi.py
[2026-02-03T22:14:51.739+0000] {processor.py:830} INFO - Processing file /opt/airflow/dags/analyze_nyc_taxi.py for tasks to queue
[2026-02-03T22:14:51.741+0000] {logging_mixin.py:188} INFO - [2026-02-03T22:14:51.740+0000] {dagbag.py:538} INFO - Filling up the DagBag from /opt/airflow/dags/analyze_nyc_taxi.py
[2026-02-03T22:14:51.813+0000] {logging_mixin.py:188} INFO - [2026-02-03T22:14:51.807+0000] {dagbag.py:348} ERROR - Failed to import: /opt/airflow/dags/analyze_nyc_taxi.py
Traceback (most recent call last):
  File "/home/airflow/.local/lib/python3.10/site-packages/airflow/models/dagbag.py", line 344, in parse
    loader.exec_module(new_module)
  File "<frozen importlib._bootstrap_external>", line 883, in exec_module
  File "<frozen importlib._bootstrap>", line 241, in _call_with_frames_removed
  File "/opt/airflow/dags/analyze_nyc_taxi.py", line 158, in <module>
    analyze = PythonOperator(
NameError: name 'PythonOperator' is not defined
[2026-02-03T22:14:51.815+0000] {processor.py:842} WARNING - No viable dags retrieved from /opt/airflow/dags/analyze_nyc_taxi.py
[2026-02-03T22:14:51.844+0000] {processor.py:183} INFO - Processing /opt/airflow/dags/analyze_nyc_taxi.py took 0.112 seconds
[2026-02-03T22:15:22.022+0000] {processor.py:161} INFO - Started process (PID=397) to work on /opt/airflow/dags/analyze_nyc_taxi.py
[2026-02-03T22:15:22.024+0000] {processor.py:830} INFO - Processing file /opt/airflow/dags/analyze_nyc_taxi.py for tasks to queue
[2026-02-03T22:15:22.026+0000] {logging_mixin.py:188} INFO - [2026-02-03T22:15:22.025+0000] {dagbag.py:538} INFO - Filling up the DagBag from /opt/airflow/dags/analyze_nyc_taxi.py
[2026-02-03T22:15:22.106+0000] {logging_mixin.py:188} INFO - [2026-02-03T22:15:22.098+0000] {dagbag.py:348} ERROR - Failed to import: /opt/airflow/dags/analyze_nyc_taxi.py
Traceback (most recent call last):
  File "/home/airflow/.local/lib/python3.10/site-packages/airflow/models/dagbag.py", line 344, in parse
    loader.exec_module(new_module)
  File "<frozen importlib._bootstrap_external>", line 883, in exec_module
  File "<frozen importlib._bootstrap>", line 241, in _call_with_frames_removed
  File "/opt/airflow/dags/analyze_nyc_taxi.py", line 158, in <module>
    analyze = PythonOperator(
NameError: name 'PythonOperator' is not defined
[2026-02-03T22:15:22.110+0000] {processor.py:842} WARNING - No viable dags retrieved from /opt/airflow/dags/analyze_nyc_taxi.py
[2026-02-03T22:15:22.147+0000] {processor.py:183} INFO - Processing /opt/airflow/dags/analyze_nyc_taxi.py took 0.131 seconds
[2026-02-03T22:15:52.633+0000] {processor.py:161} INFO - Started process (PID=467) to work on /opt/airflow/dags/analyze_nyc_taxi.py
[2026-02-03T22:15:52.634+0000] {processor.py:830} INFO - Processing file /opt/airflow/dags/analyze_nyc_taxi.py for tasks to queue
[2026-02-03T22:15:52.636+0000] {logging_mixin.py:188} INFO - [2026-02-03T22:15:52.636+0000] {dagbag.py:538} INFO - Filling up the DagBag from /opt/airflow/dags/analyze_nyc_taxi.py
[2026-02-03T22:15:52.713+0000] {logging_mixin.py:188} INFO - [2026-02-03T22:15:52.706+0000] {dagbag.py:348} ERROR - Failed to import: /opt/airflow/dags/analyze_nyc_taxi.py
Traceback (most recent call last):
  File "/home/airflow/.local/lib/python3.10/site-packages/airflow/models/dagbag.py", line 344, in parse
    loader.exec_module(new_module)
  File "<frozen importlib._bootstrap_external>", line 883, in exec_module
  File "<frozen importlib._bootstrap>", line 241, in _call_with_frames_removed
  File "/opt/airflow/dags/analyze_nyc_taxi.py", line 158, in <module>
    analyze = PythonOperator(
NameError: name 'PythonOperator' is not defined
[2026-02-03T22:15:52.715+0000] {processor.py:842} WARNING - No viable dags retrieved from /opt/airflow/dags/analyze_nyc_taxi.py
[2026-02-03T22:15:52.747+0000] {processor.py:183} INFO - Processing /opt/airflow/dags/analyze_nyc_taxi.py took 0.119 seconds
[2026-02-03T22:16:23.250+0000] {processor.py:161} INFO - Started process (PID=512) to work on /opt/airflow/dags/analyze_nyc_taxi.py
[2026-02-03T22:16:23.252+0000] {processor.py:830} INFO - Processing file /opt/airflow/dags/analyze_nyc_taxi.py for tasks to queue
[2026-02-03T22:16:23.253+0000] {logging_mixin.py:188} INFO - [2026-02-03T22:16:23.253+0000] {dagbag.py:538} INFO - Filling up the DagBag from /opt/airflow/dags/analyze_nyc_taxi.py
[2026-02-03T22:16:23.336+0000] {logging_mixin.py:188} INFO - [2026-02-03T22:16:23.327+0000] {dagbag.py:348} ERROR - Failed to import: /opt/airflow/dags/analyze_nyc_taxi.py
Traceback (most recent call last):
  File "/home/airflow/.local/lib/python3.10/site-packages/airflow/models/dagbag.py", line 344, in parse
    loader.exec_module(new_module)
  File "<frozen importlib._bootstrap_external>", line 883, in exec_module
  File "<frozen importlib._bootstrap>", line 241, in _call_with_frames_removed
  File "/opt/airflow/dags/analyze_nyc_taxi.py", line 158, in <module>
    analyze = PythonOperator(
NameError: name 'PythonOperator' is not defined
[2026-02-03T22:16:23.338+0000] {processor.py:842} WARNING - No viable dags retrieved from /opt/airflow/dags/analyze_nyc_taxi.py
[2026-02-03T22:16:23.369+0000] {processor.py:183} INFO - Processing /opt/airflow/dags/analyze_nyc_taxi.py took 0.123 seconds
[2026-02-03T22:16:53.841+0000] {processor.py:161} INFO - Started process (PID=623) to work on /opt/airflow/dags/analyze_nyc_taxi.py
[2026-02-03T22:16:53.842+0000] {processor.py:830} INFO - Processing file /opt/airflow/dags/analyze_nyc_taxi.py for tasks to queue
[2026-02-03T22:16:53.844+0000] {logging_mixin.py:188} INFO - [2026-02-03T22:16:53.843+0000] {dagbag.py:538} INFO - Filling up the DagBag from /opt/airflow/dags/analyze_nyc_taxi.py
[2026-02-03T22:16:53.929+0000] {logging_mixin.py:188} INFO - [2026-02-03T22:16:53.919+0000] {dagbag.py:348} ERROR - Failed to import: /opt/airflow/dags/analyze_nyc_taxi.py
Traceback (most recent call last):
  File "/home/airflow/.local/lib/python3.10/site-packages/airflow/models/dagbag.py", line 344, in parse
    loader.exec_module(new_module)
  File "<frozen importlib._bootstrap_external>", line 883, in exec_module
  File "<frozen importlib._bootstrap>", line 241, in _call_with_frames_removed
  File "/opt/airflow/dags/analyze_nyc_taxi.py", line 158, in <module>
    analyze = PythonOperator(
NameError: name 'PythonOperator' is not defined
[2026-02-03T22:16:53.932+0000] {processor.py:842} WARNING - No viable dags retrieved from /opt/airflow/dags/analyze_nyc_taxi.py
[2026-02-03T22:16:53.960+0000] {processor.py:183} INFO - Processing /opt/airflow/dags/analyze_nyc_taxi.py took 0.124 seconds
[2026-02-03T22:17:24.470+0000] {processor.py:161} INFO - Started process (PID=668) to work on /opt/airflow/dags/analyze_nyc_taxi.py
[2026-02-03T22:17:24.472+0000] {processor.py:830} INFO - Processing file /opt/airflow/dags/analyze_nyc_taxi.py for tasks to queue
[2026-02-03T22:17:24.477+0000] {logging_mixin.py:188} INFO - [2026-02-03T22:17:24.476+0000] {dagbag.py:538} INFO - Filling up the DagBag from /opt/airflow/dags/analyze_nyc_taxi.py
[2026-02-03T22:17:24.564+0000] {logging_mixin.py:188} INFO - [2026-02-03T22:17:24.555+0000] {dagbag.py:348} ERROR - Failed to import: /opt/airflow/dags/analyze_nyc_taxi.py
Traceback (most recent call last):
  File "/home/airflow/.local/lib/python3.10/site-packages/airflow/models/dagbag.py", line 344, in parse
    loader.exec_module(new_module)
  File "<frozen importlib._bootstrap_external>", line 883, in exec_module
  File "<frozen importlib._bootstrap>", line 241, in _call_with_frames_removed
  File "/opt/airflow/dags/analyze_nyc_taxi.py", line 158, in <module>
    analyze = PythonOperator(
NameError: name 'PythonOperator' is not defined
[2026-02-03T22:17:24.567+0000] {processor.py:842} WARNING - No viable dags retrieved from /opt/airflow/dags/analyze_nyc_taxi.py
[2026-02-03T22:17:24.601+0000] {processor.py:183} INFO - Processing /opt/airflow/dags/analyze_nyc_taxi.py took 0.136 seconds
[2026-02-03T22:17:55.262+0000] {processor.py:161} INFO - Started process (PID=713) to work on /opt/airflow/dags/analyze_nyc_taxi.py
[2026-02-03T22:17:55.264+0000] {processor.py:830} INFO - Processing file /opt/airflow/dags/analyze_nyc_taxi.py for tasks to queue
[2026-02-03T22:17:55.265+0000] {logging_mixin.py:188} INFO - [2026-02-03T22:17:55.265+0000] {dagbag.py:538} INFO - Filling up the DagBag from /opt/airflow/dags/analyze_nyc_taxi.py
[2026-02-03T22:17:55.338+0000] {logging_mixin.py:188} INFO - [2026-02-03T22:17:55.330+0000] {dagbag.py:348} ERROR - Failed to import: /opt/airflow/dags/analyze_nyc_taxi.py
Traceback (most recent call last):
  File "/home/airflow/.local/lib/python3.10/site-packages/airflow/models/dagbag.py", line 344, in parse
    loader.exec_module(new_module)
  File "<frozen importlib._bootstrap_external>", line 883, in exec_module
  File "<frozen importlib._bootstrap>", line 241, in _call_with_frames_removed
  File "/opt/airflow/dags/analyze_nyc_taxi.py", line 158, in <module>
    analyze = PythonOperator(
NameError: name 'PythonOperator' is not defined
[2026-02-03T22:17:55.342+0000] {processor.py:842} WARNING - No viable dags retrieved from /opt/airflow/dags/analyze_nyc_taxi.py
[2026-02-03T22:17:55.373+0000] {processor.py:183} INFO - Processing /opt/airflow/dags/analyze_nyc_taxi.py took 0.116 seconds
[2026-02-03T22:18:10.181+0000] {processor.py:161} INFO - Started process (PID=758) to work on /opt/airflow/dags/analyze_nyc_taxi.py
[2026-02-03T22:18:10.183+0000] {processor.py:830} INFO - Processing file /opt/airflow/dags/analyze_nyc_taxi.py for tasks to queue
[2026-02-03T22:18:10.185+0000] {logging_mixin.py:188} INFO - [2026-02-03T22:18:10.184+0000] {dagbag.py:538} INFO - Filling up the DagBag from /opt/airflow/dags/analyze_nyc_taxi.py
[2026-02-03T22:18:10.251+0000] {logging_mixin.py:188} INFO - [2026-02-03T22:18:10.241+0000] {dagbag.py:348} ERROR - Failed to import: /opt/airflow/dags/analyze_nyc_taxi.py
Traceback (most recent call last):
  File "/home/airflow/.local/lib/python3.10/site-packages/airflow/models/dagbag.py", line 344, in parse
    loader.exec_module(new_module)
  File "<frozen importlib._bootstrap_external>", line 883, in exec_module
  File "<frozen importlib._bootstrap>", line 241, in _call_with_frames_removed
  File "/opt/airflow/dags/analyze_nyc_taxi.py", line 1, in <module>
    from airflow.providers.standard.operators.python import PythonOperator
ModuleNotFoundError: No module named 'airflow.providers.standard'
[2026-02-03T22:18:10.254+0000] {processor.py:842} WARNING - No viable dags retrieved from /opt/airflow/dags/analyze_nyc_taxi.py
[2026-02-03T22:18:10.289+0000] {processor.py:183} INFO - Processing /opt/airflow/dags/analyze_nyc_taxi.py took 0.112 seconds
[2026-02-03T22:18:40.861+0000] {processor.py:161} INFO - Started process (PID=776) to work on /opt/airflow/dags/analyze_nyc_taxi.py
[2026-02-03T22:18:40.929+0000] {processor.py:830} INFO - Processing file /opt/airflow/dags/analyze_nyc_taxi.py for tasks to queue
[2026-02-03T22:18:40.955+0000] {logging_mixin.py:188} INFO - [2026-02-03T22:18:40.954+0000] {dagbag.py:538} INFO - Filling up the DagBag from /opt/airflow/dags/analyze_nyc_taxi.py
[2026-02-03T22:18:41.059+0000] {logging_mixin.py:188} INFO - [2026-02-03T22:18:41.053+0000] {dagbag.py:348} ERROR - Failed to import: /opt/airflow/dags/analyze_nyc_taxi.py
Traceback (most recent call last):
  File "/home/airflow/.local/lib/python3.10/site-packages/airflow/models/dagbag.py", line 344, in parse
    loader.exec_module(new_module)
  File "<frozen importlib._bootstrap_external>", line 883, in exec_module
  File "<frozen importlib._bootstrap>", line 241, in _call_with_frames_removed
  File "/opt/airflow/dags/analyze_nyc_taxi.py", line 1, in <module>
    from airflow.providers.standard.operators.python import PythonOperator
ModuleNotFoundError: No module named 'airflow.providers.standard'
[2026-02-03T22:18:41.061+0000] {processor.py:842} WARNING - No viable dags retrieved from /opt/airflow/dags/analyze_nyc_taxi.py
[2026-02-03T22:18:41.090+0000] {processor.py:183} INFO - Processing /opt/airflow/dags/analyze_nyc_taxi.py took 0.234 seconds
[2026-02-03T22:19:11.859+0000] {processor.py:161} INFO - Started process (PID=794) to work on /opt/airflow/dags/analyze_nyc_taxi.py
[2026-02-03T22:19:11.863+0000] {processor.py:830} INFO - Processing file /opt/airflow/dags/analyze_nyc_taxi.py for tasks to queue
[2026-02-03T22:19:11.866+0000] {logging_mixin.py:188} INFO - [2026-02-03T22:19:11.865+0000] {dagbag.py:538} INFO - Filling up the DagBag from /opt/airflow/dags/analyze_nyc_taxi.py
[2026-02-03T22:19:12.028+0000] {logging_mixin.py:188} INFO - [2026-02-03T22:19:12.018+0000] {dagbag.py:348} ERROR - Failed to import: /opt/airflow/dags/analyze_nyc_taxi.py
Traceback (most recent call last):
  File "/home/airflow/.local/lib/python3.10/site-packages/airflow/models/dagbag.py", line 344, in parse
    loader.exec_module(new_module)
  File "<frozen importlib._bootstrap_external>", line 883, in exec_module
  File "<frozen importlib._bootstrap>", line 241, in _call_with_frames_removed
  File "/opt/airflow/dags/analyze_nyc_taxi.py", line 1, in <module>
    from airflow.providers.standard.operators.python import PythonOperator
ModuleNotFoundError: No module named 'airflow.providers.standard'
[2026-02-03T22:19:12.034+0000] {processor.py:842} WARNING - No viable dags retrieved from /opt/airflow/dags/analyze_nyc_taxi.py
[2026-02-03T22:19:12.078+0000] {processor.py:183} INFO - Processing /opt/airflow/dags/analyze_nyc_taxi.py took 0.224 seconds
[2026-02-03T22:19:43.229+0000] {processor.py:161} INFO - Started process (PID=804) to work on /opt/airflow/dags/analyze_nyc_taxi.py
[2026-02-03T22:19:43.231+0000] {processor.py:830} INFO - Processing file /opt/airflow/dags/analyze_nyc_taxi.py for tasks to queue
[2026-02-03T22:19:43.235+0000] {logging_mixin.py:188} INFO - [2026-02-03T22:19:43.234+0000] {dagbag.py:538} INFO - Filling up the DagBag from /opt/airflow/dags/analyze_nyc_taxi.py
[2026-02-03T22:19:43.276+0000] {logging_mixin.py:188} INFO - [2026-02-03T22:19:43.266+0000] {dagbag.py:348} ERROR - Failed to import: /opt/airflow/dags/analyze_nyc_taxi.py
Traceback (most recent call last):
  File "/home/airflow/.local/lib/python3.10/site-packages/airflow/models/dagbag.py", line 344, in parse
    loader.exec_module(new_module)
  File "<frozen importlib._bootstrap_external>", line 883, in exec_module
  File "<frozen importlib._bootstrap>", line 241, in _call_with_frames_removed
  File "/opt/airflow/dags/analyze_nyc_taxi.py", line 1, in <module>
    from airflow.providers.standard.operators.python import PythonOperator
ModuleNotFoundError: No module named 'airflow.providers.standard'
[2026-02-03T22:19:43.279+0000] {processor.py:842} WARNING - No viable dags retrieved from /opt/airflow/dags/analyze_nyc_taxi.py
[2026-02-03T22:19:43.323+0000] {processor.py:183} INFO - Processing /opt/airflow/dags/analyze_nyc_taxi.py took 0.101 seconds
[2026-02-03T22:20:14.040+0000] {processor.py:161} INFO - Started process (PID=822) to work on /opt/airflow/dags/analyze_nyc_taxi.py
[2026-02-03T22:20:14.042+0000] {processor.py:830} INFO - Processing file /opt/airflow/dags/analyze_nyc_taxi.py for tasks to queue
[2026-02-03T22:20:14.044+0000] {logging_mixin.py:188} INFO - [2026-02-03T22:20:14.043+0000] {dagbag.py:538} INFO - Filling up the DagBag from /opt/airflow/dags/analyze_nyc_taxi.py
[2026-02-03T22:20:14.077+0000] {logging_mixin.py:188} INFO - [2026-02-03T22:20:14.069+0000] {dagbag.py:348} ERROR - Failed to import: /opt/airflow/dags/analyze_nyc_taxi.py
Traceback (most recent call last):
  File "/home/airflow/.local/lib/python3.10/site-packages/airflow/models/dagbag.py", line 344, in parse
    loader.exec_module(new_module)
  File "<frozen importlib._bootstrap_external>", line 883, in exec_module
  File "<frozen importlib._bootstrap>", line 241, in _call_with_frames_removed
  File "/opt/airflow/dags/analyze_nyc_taxi.py", line 1, in <module>
    from airflow.providers.standard.operators.python import PythonOperator
ModuleNotFoundError: No module named 'airflow.providers.standard'
[2026-02-03T22:20:14.080+0000] {processor.py:842} WARNING - No viable dags retrieved from /opt/airflow/dags/analyze_nyc_taxi.py
[2026-02-03T22:20:14.123+0000] {processor.py:183} INFO - Processing /opt/airflow/dags/analyze_nyc_taxi.py took 0.089 seconds
[2026-02-03T22:20:44.748+0000] {processor.py:161} INFO - Started process (PID=840) to work on /opt/airflow/dags/analyze_nyc_taxi.py
[2026-02-03T22:20:44.750+0000] {processor.py:830} INFO - Processing file /opt/airflow/dags/analyze_nyc_taxi.py for tasks to queue
[2026-02-03T22:20:44.751+0000] {logging_mixin.py:188} INFO - [2026-02-03T22:20:44.751+0000] {dagbag.py:538} INFO - Filling up the DagBag from /opt/airflow/dags/analyze_nyc_taxi.py
[2026-02-03T22:20:44.793+0000] {logging_mixin.py:188} INFO - [2026-02-03T22:20:44.783+0000] {dagbag.py:348} ERROR - Failed to import: /opt/airflow/dags/analyze_nyc_taxi.py
Traceback (most recent call last):
  File "/home/airflow/.local/lib/python3.10/site-packages/airflow/models/dagbag.py", line 344, in parse
    loader.exec_module(new_module)
  File "<frozen importlib._bootstrap_external>", line 883, in exec_module
  File "<frozen importlib._bootstrap>", line 241, in _call_with_frames_removed
  File "/opt/airflow/dags/analyze_nyc_taxi.py", line 1, in <module>
    from airflow.providers.standard.operators.python import PythonOperator
ModuleNotFoundError: No module named 'airflow.providers.standard'
[2026-02-03T22:20:44.795+0000] {processor.py:842} WARNING - No viable dags retrieved from /opt/airflow/dags/analyze_nyc_taxi.py
[2026-02-03T22:20:44.828+0000] {processor.py:183} INFO - Processing /opt/airflow/dags/analyze_nyc_taxi.py took 0.085 seconds
[2026-02-03T22:21:15.073+0000] {processor.py:161} INFO - Started process (PID=858) to work on /opt/airflow/dags/analyze_nyc_taxi.py
[2026-02-03T22:21:15.075+0000] {processor.py:830} INFO - Processing file /opt/airflow/dags/analyze_nyc_taxi.py for tasks to queue
[2026-02-03T22:21:15.077+0000] {logging_mixin.py:188} INFO - [2026-02-03T22:21:15.076+0000] {dagbag.py:538} INFO - Filling up the DagBag from /opt/airflow/dags/analyze_nyc_taxi.py
[2026-02-03T22:21:15.118+0000] {logging_mixin.py:188} INFO - [2026-02-03T22:21:15.109+0000] {dagbag.py:348} ERROR - Failed to import: /opt/airflow/dags/analyze_nyc_taxi.py
Traceback (most recent call last):
  File "/home/airflow/.local/lib/python3.10/site-packages/airflow/models/dagbag.py", line 344, in parse
    loader.exec_module(new_module)
  File "<frozen importlib._bootstrap_external>", line 883, in exec_module
  File "<frozen importlib._bootstrap>", line 241, in _call_with_frames_removed
  File "/opt/airflow/dags/analyze_nyc_taxi.py", line 1, in <module>
    from airflow.providers.standard.operators.python import PythonOperator
ModuleNotFoundError: No module named 'airflow.providers.standard'
[2026-02-03T22:21:15.121+0000] {processor.py:842} WARNING - No viable dags retrieved from /opt/airflow/dags/analyze_nyc_taxi.py
[2026-02-03T22:21:15.160+0000] {processor.py:183} INFO - Processing /opt/airflow/dags/analyze_nyc_taxi.py took 0.092 seconds
[2026-02-03T22:21:45.874+0000] {processor.py:161} INFO - Started process (PID=876) to work on /opt/airflow/dags/analyze_nyc_taxi.py
[2026-02-03T22:21:45.876+0000] {processor.py:830} INFO - Processing file /opt/airflow/dags/analyze_nyc_taxi.py for tasks to queue
[2026-02-03T22:21:45.877+0000] {logging_mixin.py:188} INFO - [2026-02-03T22:21:45.877+0000] {dagbag.py:538} INFO - Filling up the DagBag from /opt/airflow/dags/analyze_nyc_taxi.py
[2026-02-03T22:21:45.918+0000] {logging_mixin.py:188} INFO - [2026-02-03T22:21:45.908+0000] {dagbag.py:348} ERROR - Failed to import: /opt/airflow/dags/analyze_nyc_taxi.py
Traceback (most recent call last):
  File "/home/airflow/.local/lib/python3.10/site-packages/airflow/models/dagbag.py", line 344, in parse
    loader.exec_module(new_module)
  File "<frozen importlib._bootstrap_external>", line 883, in exec_module
  File "<frozen importlib._bootstrap>", line 241, in _call_with_frames_removed
  File "/opt/airflow/dags/analyze_nyc_taxi.py", line 1, in <module>
    from airflow.providers.standard.operators.python import PythonOperator
ModuleNotFoundError: No module named 'airflow.providers.standard'
[2026-02-03T22:21:45.921+0000] {processor.py:842} WARNING - No viable dags retrieved from /opt/airflow/dags/analyze_nyc_taxi.py
[2026-02-03T22:21:45.966+0000] {processor.py:183} INFO - Processing /opt/airflow/dags/analyze_nyc_taxi.py took 0.097 seconds
[2026-02-03T22:22:16.900+0000] {processor.py:161} INFO - Started process (PID=894) to work on /opt/airflow/dags/analyze_nyc_taxi.py
[2026-02-03T22:22:16.902+0000] {processor.py:830} INFO - Processing file /opt/airflow/dags/analyze_nyc_taxi.py for tasks to queue
[2026-02-03T22:22:16.904+0000] {logging_mixin.py:188} INFO - [2026-02-03T22:22:16.903+0000] {dagbag.py:538} INFO - Filling up the DagBag from /opt/airflow/dags/analyze_nyc_taxi.py
[2026-02-03T22:22:16.931+0000] {logging_mixin.py:188} INFO - [2026-02-03T22:22:16.925+0000] {dagbag.py:348} ERROR - Failed to import: /opt/airflow/dags/analyze_nyc_taxi.py
Traceback (most recent call last):
  File "/home/airflow/.local/lib/python3.10/site-packages/airflow/models/dagbag.py", line 344, in parse
    loader.exec_module(new_module)
  File "<frozen importlib._bootstrap_external>", line 883, in exec_module
  File "<frozen importlib._bootstrap>", line 241, in _call_with_frames_removed
  File "/opt/airflow/dags/analyze_nyc_taxi.py", line 1, in <module>
    from airflow.providers.standard.operators.python import PythonOperator
ModuleNotFoundError: No module named 'airflow.providers.standard'
[2026-02-03T22:22:16.933+0000] {processor.py:842} WARNING - No viable dags retrieved from /opt/airflow/dags/analyze_nyc_taxi.py
[2026-02-03T22:22:16.965+0000] {processor.py:183} INFO - Processing /opt/airflow/dags/analyze_nyc_taxi.py took 0.069 seconds
[2026-02-03T22:22:47.521+0000] {processor.py:161} INFO - Started process (PID=912) to work on /opt/airflow/dags/analyze_nyc_taxi.py
[2026-02-03T22:22:47.523+0000] {processor.py:830} INFO - Processing file /opt/airflow/dags/analyze_nyc_taxi.py for tasks to queue
[2026-02-03T22:22:47.525+0000] {logging_mixin.py:188} INFO - [2026-02-03T22:22:47.525+0000] {dagbag.py:538} INFO - Filling up the DagBag from /opt/airflow/dags/analyze_nyc_taxi.py
[2026-02-03T22:22:47.570+0000] {logging_mixin.py:188} INFO - [2026-02-03T22:22:47.561+0000] {dagbag.py:348} ERROR - Failed to import: /opt/airflow/dags/analyze_nyc_taxi.py
Traceback (most recent call last):
  File "/home/airflow/.local/lib/python3.10/site-packages/airflow/models/dagbag.py", line 344, in parse
    loader.exec_module(new_module)
  File "<frozen importlib._bootstrap_external>", line 883, in exec_module
  File "<frozen importlib._bootstrap>", line 241, in _call_with_frames_removed
  File "/opt/airflow/dags/analyze_nyc_taxi.py", line 1, in <module>
    from airflow.providers.standard.operators.python import PythonOperator
ModuleNotFoundError: No module named 'airflow.providers.standard'
[2026-02-03T22:22:47.577+0000] {processor.py:842} WARNING - No viable dags retrieved from /opt/airflow/dags/analyze_nyc_taxi.py
[2026-02-03T22:22:47.617+0000] {processor.py:183} INFO - Processing /opt/airflow/dags/analyze_nyc_taxi.py took 0.102 seconds
[2026-02-03T22:59:06.530+0000] {processor.py:186} INFO - Started process (PID=187) to work on /opt/airflow/dags/analyze_nyc_taxi.py
[2026-02-03T22:59:06.532+0000] {processor.py:914} INFO - Processing file /opt/airflow/dags/analyze_nyc_taxi.py for tasks to queue
[2026-02-03T22:59:06.539+0000] {logging_mixin.py:190} INFO - [2026-02-03T22:59:06.538+0000] {dagbag.py:588} INFO - Filling up the DagBag from /opt/airflow/dags/analyze_nyc_taxi.py
[2026-02-03T22:59:06.590+0000] {logging_mixin.py:190} INFO - [2026-02-03T22:59:06.582+0000] {dagbag.py:387} ERROR - Failed to import: /opt/airflow/dags/analyze_nyc_taxi.py
Traceback (most recent call last):
  File "/home/airflow/.local/lib/python3.10/site-packages/airflow/models/dagbag.py", line 383, in parse
    loader.exec_module(new_module)
  File "<frozen importlib._bootstrap_external>", line 883, in exec_module
  File "<frozen importlib._bootstrap>", line 241, in _call_with_frames_removed
  File "/opt/airflow/dags/analyze_nyc_taxi.py", line 1, in <module>
    from airflow.providers.standard.operators.python import PythonOperator
ModuleNotFoundError: No module named 'airflow.providers.standard'
[2026-02-03T22:59:06.592+0000] {processor.py:927} WARNING - No viable dags retrieved from /opt/airflow/dags/analyze_nyc_taxi.py
[2026-02-03T22:59:06.630+0000] {processor.py:208} INFO - Processing /opt/airflow/dags/analyze_nyc_taxi.py took 0.114 seconds
[2026-02-03T22:59:37.085+0000] {processor.py:186} INFO - Started process (PID=207) to work on /opt/airflow/dags/analyze_nyc_taxi.py
[2026-02-03T22:59:37.087+0000] {processor.py:914} INFO - Processing file /opt/airflow/dags/analyze_nyc_taxi.py for tasks to queue
[2026-02-03T22:59:37.090+0000] {logging_mixin.py:190} INFO - [2026-02-03T22:59:37.089+0000] {dagbag.py:588} INFO - Filling up the DagBag from /opt/airflow/dags/analyze_nyc_taxi.py
[2026-02-03T22:59:37.126+0000] {logging_mixin.py:190} INFO - [2026-02-03T22:59:37.117+0000] {dagbag.py:387} ERROR - Failed to import: /opt/airflow/dags/analyze_nyc_taxi.py
Traceback (most recent call last):
  File "/home/airflow/.local/lib/python3.10/site-packages/airflow/models/dagbag.py", line 383, in parse
    loader.exec_module(new_module)
  File "<frozen importlib._bootstrap_external>", line 883, in exec_module
  File "<frozen importlib._bootstrap>", line 241, in _call_with_frames_removed
  File "/opt/airflow/dags/analyze_nyc_taxi.py", line 1, in <module>
    from airflow.providers.standard.operators.python import PythonOperator
ModuleNotFoundError: No module named 'airflow.providers.standard'
[2026-02-03T22:59:37.128+0000] {processor.py:927} WARNING - No viable dags retrieved from /opt/airflow/dags/analyze_nyc_taxi.py
[2026-02-03T22:59:37.164+0000] {processor.py:208} INFO - Processing /opt/airflow/dags/analyze_nyc_taxi.py took 0.086 seconds
[2026-02-03T23:00:07.704+0000] {processor.py:186} INFO - Started process (PID=226) to work on /opt/airflow/dags/analyze_nyc_taxi.py
[2026-02-03T23:00:07.706+0000] {processor.py:914} INFO - Processing file /opt/airflow/dags/analyze_nyc_taxi.py for tasks to queue
[2026-02-03T23:00:07.709+0000] {logging_mixin.py:190} INFO - [2026-02-03T23:00:07.709+0000] {dagbag.py:588} INFO - Filling up the DagBag from /opt/airflow/dags/analyze_nyc_taxi.py
[2026-02-03T23:00:07.774+0000] {logging_mixin.py:190} INFO - [2026-02-03T23:00:07.761+0000] {dagbag.py:387} ERROR - Failed to import: /opt/airflow/dags/analyze_nyc_taxi.py
Traceback (most recent call last):
  File "/home/airflow/.local/lib/python3.10/site-packages/airflow/models/dagbag.py", line 383, in parse
    loader.exec_module(new_module)
  File "<frozen importlib._bootstrap_external>", line 883, in exec_module
  File "<frozen importlib._bootstrap>", line 241, in _call_with_frames_removed
  File "/opt/airflow/dags/analyze_nyc_taxi.py", line 1, in <module>
    from airflow.providers.standard.operators.python import PythonOperator
ModuleNotFoundError: No module named 'airflow.providers.standard'
[2026-02-03T23:00:07.779+0000] {processor.py:927} WARNING - No viable dags retrieved from /opt/airflow/dags/analyze_nyc_taxi.py
[2026-02-03T23:00:07.817+0000] {processor.py:208} INFO - Processing /opt/airflow/dags/analyze_nyc_taxi.py took 0.122 seconds
[2026-02-03T23:00:38.226+0000] {processor.py:186} INFO - Started process (PID=245) to work on /opt/airflow/dags/analyze_nyc_taxi.py
[2026-02-03T23:00:38.228+0000] {processor.py:914} INFO - Processing file /opt/airflow/dags/analyze_nyc_taxi.py for tasks to queue
[2026-02-03T23:00:38.232+0000] {logging_mixin.py:190} INFO - [2026-02-03T23:00:38.231+0000] {dagbag.py:588} INFO - Filling up the DagBag from /opt/airflow/dags/analyze_nyc_taxi.py
[2026-02-03T23:00:38.276+0000] {logging_mixin.py:190} INFO - [2026-02-03T23:00:38.265+0000] {dagbag.py:387} ERROR - Failed to import: /opt/airflow/dags/analyze_nyc_taxi.py
Traceback (most recent call last):
  File "/home/airflow/.local/lib/python3.10/site-packages/airflow/models/dagbag.py", line 383, in parse
    loader.exec_module(new_module)
  File "<frozen importlib._bootstrap_external>", line 883, in exec_module
  File "<frozen importlib._bootstrap>", line 241, in _call_with_frames_removed
  File "/opt/airflow/dags/analyze_nyc_taxi.py", line 1, in <module>
    from airflow.providers.standard.operators.python import PythonOperator
ModuleNotFoundError: No module named 'airflow.providers.standard'
[2026-02-03T23:00:38.279+0000] {processor.py:927} WARNING - No viable dags retrieved from /opt/airflow/dags/analyze_nyc_taxi.py
[2026-02-03T23:00:38.306+0000] {processor.py:208} INFO - Processing /opt/airflow/dags/analyze_nyc_taxi.py took 0.087 seconds
[2026-02-03T23:01:08.848+0000] {processor.py:186} INFO - Started process (PID=264) to work on /opt/airflow/dags/analyze_nyc_taxi.py
[2026-02-03T23:01:08.850+0000] {processor.py:914} INFO - Processing file /opt/airflow/dags/analyze_nyc_taxi.py for tasks to queue
[2026-02-03T23:01:08.855+0000] {logging_mixin.py:190} INFO - [2026-02-03T23:01:08.854+0000] {dagbag.py:588} INFO - Filling up the DagBag from /opt/airflow/dags/analyze_nyc_taxi.py
[2026-02-03T23:01:08.895+0000] {logging_mixin.py:190} INFO - [2026-02-03T23:01:08.885+0000] {dagbag.py:387} ERROR - Failed to import: /opt/airflow/dags/analyze_nyc_taxi.py
Traceback (most recent call last):
  File "/home/airflow/.local/lib/python3.10/site-packages/airflow/models/dagbag.py", line 383, in parse
    loader.exec_module(new_module)
  File "<frozen importlib._bootstrap_external>", line 883, in exec_module
  File "<frozen importlib._bootstrap>", line 241, in _call_with_frames_removed
  File "/opt/airflow/dags/analyze_nyc_taxi.py", line 1, in <module>
    from airflow.providers.standard.operators.python import PythonOperator
ModuleNotFoundError: No module named 'airflow.providers.standard'
[2026-02-03T23:01:08.897+0000] {processor.py:927} WARNING - No viable dags retrieved from /opt/airflow/dags/analyze_nyc_taxi.py
[2026-02-03T23:01:08.930+0000] {processor.py:208} INFO - Processing /opt/airflow/dags/analyze_nyc_taxi.py took 0.094 seconds
[2026-02-03T23:01:39.414+0000] {processor.py:186} INFO - Started process (PID=283) to work on /opt/airflow/dags/analyze_nyc_taxi.py
[2026-02-03T23:01:39.415+0000] {processor.py:914} INFO - Processing file /opt/airflow/dags/analyze_nyc_taxi.py for tasks to queue
[2026-02-03T23:01:39.419+0000] {logging_mixin.py:190} INFO - [2026-02-03T23:01:39.418+0000] {dagbag.py:588} INFO - Filling up the DagBag from /opt/airflow/dags/analyze_nyc_taxi.py
[2026-02-03T23:01:39.464+0000] {logging_mixin.py:190} INFO - [2026-02-03T23:01:39.453+0000] {dagbag.py:387} ERROR - Failed to import: /opt/airflow/dags/analyze_nyc_taxi.py
Traceback (most recent call last):
  File "/home/airflow/.local/lib/python3.10/site-packages/airflow/models/dagbag.py", line 383, in parse
    loader.exec_module(new_module)
  File "<frozen importlib._bootstrap_external>", line 883, in exec_module
  File "<frozen importlib._bootstrap>", line 241, in _call_with_frames_removed
  File "/opt/airflow/dags/analyze_nyc_taxi.py", line 1, in <module>
    from airflow.providers.standard.operators.python import PythonOperator
ModuleNotFoundError: No module named 'airflow.providers.standard'
[2026-02-03T23:01:39.468+0000] {processor.py:927} WARNING - No viable dags retrieved from /opt/airflow/dags/analyze_nyc_taxi.py
[2026-02-03T23:01:39.504+0000] {processor.py:208} INFO - Processing /opt/airflow/dags/analyze_nyc_taxi.py took 0.099 seconds
[2026-02-03T23:02:10.059+0000] {processor.py:186} INFO - Started process (PID=302) to work on /opt/airflow/dags/analyze_nyc_taxi.py
[2026-02-03T23:02:10.061+0000] {processor.py:914} INFO - Processing file /opt/airflow/dags/analyze_nyc_taxi.py for tasks to queue
[2026-02-03T23:02:10.066+0000] {logging_mixin.py:190} INFO - [2026-02-03T23:02:10.066+0000] {dagbag.py:588} INFO - Filling up the DagBag from /opt/airflow/dags/analyze_nyc_taxi.py
[2026-02-03T23:02:10.113+0000] {logging_mixin.py:190} INFO - [2026-02-03T23:02:10.101+0000] {dagbag.py:387} ERROR - Failed to import: /opt/airflow/dags/analyze_nyc_taxi.py
Traceback (most recent call last):
  File "/home/airflow/.local/lib/python3.10/site-packages/airflow/models/dagbag.py", line 383, in parse
    loader.exec_module(new_module)
  File "<frozen importlib._bootstrap_external>", line 883, in exec_module
  File "<frozen importlib._bootstrap>", line 241, in _call_with_frames_removed
  File "/opt/airflow/dags/analyze_nyc_taxi.py", line 1, in <module>
    from airflow.providers.standard.operators.python import PythonOperator
ModuleNotFoundError: No module named 'airflow.providers.standard'
[2026-02-03T23:02:10.117+0000] {processor.py:927} WARNING - No viable dags retrieved from /opt/airflow/dags/analyze_nyc_taxi.py
[2026-02-03T23:02:10.144+0000] {processor.py:208} INFO - Processing /opt/airflow/dags/analyze_nyc_taxi.py took 0.091 seconds
[2026-02-03T23:02:40.705+0000] {processor.py:186} INFO - Started process (PID=320) to work on /opt/airflow/dags/analyze_nyc_taxi.py
[2026-02-03T23:02:40.707+0000] {processor.py:914} INFO - Processing file /opt/airflow/dags/analyze_nyc_taxi.py for tasks to queue
[2026-02-03T23:02:40.710+0000] {logging_mixin.py:190} INFO - [2026-02-03T23:02:40.710+0000] {dagbag.py:588} INFO - Filling up the DagBag from /opt/airflow/dags/analyze_nyc_taxi.py
[2026-02-03T23:02:40.751+0000] {logging_mixin.py:190} INFO - [2026-02-03T23:02:40.742+0000] {dagbag.py:387} ERROR - Failed to import: /opt/airflow/dags/analyze_nyc_taxi.py
Traceback (most recent call last):
  File "/home/airflow/.local/lib/python3.10/site-packages/airflow/models/dagbag.py", line 383, in parse
    loader.exec_module(new_module)
  File "<frozen importlib._bootstrap_external>", line 883, in exec_module
  File "<frozen importlib._bootstrap>", line 241, in _call_with_frames_removed
  File "/opt/airflow/dags/analyze_nyc_taxi.py", line 1, in <module>
    from airflow.providers.standard.operators.python import PythonOperator
ModuleNotFoundError: No module named 'airflow.providers.standard'
[2026-02-03T23:02:40.754+0000] {processor.py:927} WARNING - No viable dags retrieved from /opt/airflow/dags/analyze_nyc_taxi.py
[2026-02-03T23:02:40.779+0000] {processor.py:208} INFO - Processing /opt/airflow/dags/analyze_nyc_taxi.py took 0.081 seconds
[2026-02-03T23:03:11.385+0000] {processor.py:186} INFO - Started process (PID=331) to work on /opt/airflow/dags/analyze_nyc_taxi.py
[2026-02-03T23:03:11.387+0000] {processor.py:914} INFO - Processing file /opt/airflow/dags/analyze_nyc_taxi.py for tasks to queue
[2026-02-03T23:03:11.390+0000] {logging_mixin.py:190} INFO - [2026-02-03T23:03:11.390+0000] {dagbag.py:588} INFO - Filling up the DagBag from /opt/airflow/dags/analyze_nyc_taxi.py
[2026-02-03T23:03:11.451+0000] {logging_mixin.py:190} INFO - [2026-02-03T23:03:11.432+0000] {dagbag.py:387} ERROR - Failed to import: /opt/airflow/dags/analyze_nyc_taxi.py
Traceback (most recent call last):
  File "/home/airflow/.local/lib/python3.10/site-packages/airflow/models/dagbag.py", line 383, in parse
    loader.exec_module(new_module)
  File "<frozen importlib._bootstrap_external>", line 883, in exec_module
  File "<frozen importlib._bootstrap>", line 241, in _call_with_frames_removed
  File "/opt/airflow/dags/analyze_nyc_taxi.py", line 1, in <module>
    from airflow.providers.standard.operators.python import PythonOperator
ModuleNotFoundError: No module named 'airflow.providers.standard'
[2026-02-03T23:03:11.455+0000] {processor.py:927} WARNING - No viable dags retrieved from /opt/airflow/dags/analyze_nyc_taxi.py
[2026-02-03T23:03:11.499+0000] {processor.py:208} INFO - Processing /opt/airflow/dags/analyze_nyc_taxi.py took 0.123 seconds
[2026-02-03T23:03:42.058+0000] {processor.py:186} INFO - Started process (PID=350) to work on /opt/airflow/dags/analyze_nyc_taxi.py
[2026-02-03T23:03:42.060+0000] {processor.py:914} INFO - Processing file /opt/airflow/dags/analyze_nyc_taxi.py for tasks to queue
[2026-02-03T23:03:42.064+0000] {logging_mixin.py:190} INFO - [2026-02-03T23:03:42.064+0000] {dagbag.py:588} INFO - Filling up the DagBag from /opt/airflow/dags/analyze_nyc_taxi.py
[2026-02-03T23:03:42.123+0000] {logging_mixin.py:190} INFO - [2026-02-03T23:03:42.113+0000] {dagbag.py:387} ERROR - Failed to import: /opt/airflow/dags/analyze_nyc_taxi.py
Traceback (most recent call last):
  File "/home/airflow/.local/lib/python3.10/site-packages/airflow/models/dagbag.py", line 383, in parse
    loader.exec_module(new_module)
  File "<frozen importlib._bootstrap_external>", line 883, in exec_module
  File "<frozen importlib._bootstrap>", line 241, in _call_with_frames_removed
  File "/opt/airflow/dags/analyze_nyc_taxi.py", line 1, in <module>
    from airflow.providers.standard.operators.python import PythonOperator
ModuleNotFoundError: No module named 'airflow.providers.standard'
[2026-02-03T23:03:42.128+0000] {processor.py:927} WARNING - No viable dags retrieved from /opt/airflow/dags/analyze_nyc_taxi.py
[2026-02-03T23:03:42.165+0000] {processor.py:208} INFO - Processing /opt/airflow/dags/analyze_nyc_taxi.py took 0.119 seconds
[2026-02-03T23:04:12.915+0000] {processor.py:186} INFO - Started process (PID=369) to work on /opt/airflow/dags/analyze_nyc_taxi.py
[2026-02-03T23:04:12.917+0000] {processor.py:914} INFO - Processing file /opt/airflow/dags/analyze_nyc_taxi.py for tasks to queue
[2026-02-03T23:04:12.920+0000] {logging_mixin.py:190} INFO - [2026-02-03T23:04:12.920+0000] {dagbag.py:588} INFO - Filling up the DagBag from /opt/airflow/dags/analyze_nyc_taxi.py
[2026-02-03T23:04:12.961+0000] {logging_mixin.py:190} INFO - [2026-02-03T23:04:12.951+0000] {dagbag.py:387} ERROR - Failed to import: /opt/airflow/dags/analyze_nyc_taxi.py
Traceback (most recent call last):
  File "/home/airflow/.local/lib/python3.10/site-packages/airflow/models/dagbag.py", line 383, in parse
    loader.exec_module(new_module)
  File "<frozen importlib._bootstrap_external>", line 883, in exec_module
  File "<frozen importlib._bootstrap>", line 241, in _call_with_frames_removed
  File "/opt/airflow/dags/analyze_nyc_taxi.py", line 1, in <module>
    from airflow.providers.standard.operators.python import PythonOperator
ModuleNotFoundError: No module named 'airflow.providers.standard'
[2026-02-03T23:04:12.965+0000] {processor.py:927} WARNING - No viable dags retrieved from /opt/airflow/dags/analyze_nyc_taxi.py
[2026-02-03T23:04:12.994+0000] {processor.py:208} INFO - Processing /opt/airflow/dags/analyze_nyc_taxi.py took 0.087 seconds
[2026-02-03T23:04:43.636+0000] {processor.py:186} INFO - Started process (PID=389) to work on /opt/airflow/dags/analyze_nyc_taxi.py
[2026-02-03T23:04:43.638+0000] {processor.py:914} INFO - Processing file /opt/airflow/dags/analyze_nyc_taxi.py for tasks to queue
[2026-02-03T23:04:43.641+0000] {logging_mixin.py:190} INFO - [2026-02-03T23:04:43.641+0000] {dagbag.py:588} INFO - Filling up the DagBag from /opt/airflow/dags/analyze_nyc_taxi.py
[2026-02-03T23:04:43.713+0000] {logging_mixin.py:190} INFO - [2026-02-03T23:04:43.699+0000] {dagbag.py:387} ERROR - Failed to import: /opt/airflow/dags/analyze_nyc_taxi.py
Traceback (most recent call last):
  File "/home/airflow/.local/lib/python3.10/site-packages/airflow/models/dagbag.py", line 383, in parse
    loader.exec_module(new_module)
  File "<frozen importlib._bootstrap_external>", line 883, in exec_module
  File "<frozen importlib._bootstrap>", line 241, in _call_with_frames_removed
  File "/opt/airflow/dags/analyze_nyc_taxi.py", line 1, in <module>
    from airflow.providers.standard.operators.python import PythonOperator
ModuleNotFoundError: No module named 'airflow.providers.standard'
[2026-02-03T23:04:43.716+0000] {processor.py:927} WARNING - No viable dags retrieved from /opt/airflow/dags/analyze_nyc_taxi.py
[2026-02-03T23:04:43.753+0000] {processor.py:208} INFO - Processing /opt/airflow/dags/analyze_nyc_taxi.py took 0.124 seconds
[2026-02-03T23:05:14.290+0000] {processor.py:186} INFO - Started process (PID=408) to work on /opt/airflow/dags/analyze_nyc_taxi.py
[2026-02-03T23:05:14.292+0000] {processor.py:914} INFO - Processing file /opt/airflow/dags/analyze_nyc_taxi.py for tasks to queue
[2026-02-03T23:05:14.297+0000] {logging_mixin.py:190} INFO - [2026-02-03T23:05:14.296+0000] {dagbag.py:588} INFO - Filling up the DagBag from /opt/airflow/dags/analyze_nyc_taxi.py
[2026-02-03T23:05:14.366+0000] {logging_mixin.py:190} INFO - [2026-02-03T23:05:14.345+0000] {dagbag.py:387} ERROR - Failed to import: /opt/airflow/dags/analyze_nyc_taxi.py
Traceback (most recent call last):
  File "/home/airflow/.local/lib/python3.10/site-packages/airflow/models/dagbag.py", line 383, in parse
    loader.exec_module(new_module)
  File "<frozen importlib._bootstrap_external>", line 883, in exec_module
  File "<frozen importlib._bootstrap>", line 241, in _call_with_frames_removed
  File "/opt/airflow/dags/analyze_nyc_taxi.py", line 1, in <module>
    from airflow.providers.standard.operators.python import PythonOperator
ModuleNotFoundError: No module named 'airflow.providers.standard'
[2026-02-03T23:05:14.371+0000] {processor.py:927} WARNING - No viable dags retrieved from /opt/airflow/dags/analyze_nyc_taxi.py
[2026-02-03T23:05:14.407+0000] {processor.py:208} INFO - Processing /opt/airflow/dags/analyze_nyc_taxi.py took 0.123 seconds
[2026-02-03T23:05:44.923+0000] {processor.py:186} INFO - Started process (PID=427) to work on /opt/airflow/dags/analyze_nyc_taxi.py
[2026-02-03T23:05:44.925+0000] {processor.py:914} INFO - Processing file /opt/airflow/dags/analyze_nyc_taxi.py for tasks to queue
[2026-02-03T23:05:44.928+0000] {logging_mixin.py:190} INFO - [2026-02-03T23:05:44.928+0000] {dagbag.py:588} INFO - Filling up the DagBag from /opt/airflow/dags/analyze_nyc_taxi.py
[2026-02-03T23:05:44.973+0000] {logging_mixin.py:190} INFO - [2026-02-03T23:05:44.962+0000] {dagbag.py:387} ERROR - Failed to import: /opt/airflow/dags/analyze_nyc_taxi.py
Traceback (most recent call last):
  File "/home/airflow/.local/lib/python3.10/site-packages/airflow/models/dagbag.py", line 383, in parse
    loader.exec_module(new_module)
  File "<frozen importlib._bootstrap_external>", line 883, in exec_module
  File "<frozen importlib._bootstrap>", line 241, in _call_with_frames_removed
  File "/opt/airflow/dags/analyze_nyc_taxi.py", line 1, in <module>
    from airflow.providers.standard.operators.python import PythonOperator
ModuleNotFoundError: No module named 'airflow.providers.standard'
[2026-02-03T23:05:44.977+0000] {processor.py:927} WARNING - No viable dags retrieved from /opt/airflow/dags/analyze_nyc_taxi.py
[2026-02-03T23:05:45.003+0000] {processor.py:208} INFO - Processing /opt/airflow/dags/analyze_nyc_taxi.py took 0.089 seconds
[2026-02-03T23:06:15.654+0000] {processor.py:186} INFO - Started process (PID=446) to work on /opt/airflow/dags/analyze_nyc_taxi.py
[2026-02-03T23:06:15.656+0000] {processor.py:914} INFO - Processing file /opt/airflow/dags/analyze_nyc_taxi.py for tasks to queue
[2026-02-03T23:06:15.659+0000] {logging_mixin.py:190} INFO - [2026-02-03T23:06:15.659+0000] {dagbag.py:588} INFO - Filling up the DagBag from /opt/airflow/dags/analyze_nyc_taxi.py
[2026-02-03T23:06:15.719+0000] {logging_mixin.py:190} INFO - [2026-02-03T23:06:15.707+0000] {dagbag.py:387} ERROR - Failed to import: /opt/airflow/dags/analyze_nyc_taxi.py
Traceback (most recent call last):
  File "/home/airflow/.local/lib/python3.10/site-packages/airflow/models/dagbag.py", line 383, in parse
    loader.exec_module(new_module)
  File "<frozen importlib._bootstrap_external>", line 883, in exec_module
  File "<frozen importlib._bootstrap>", line 241, in _call_with_frames_removed
  File "/opt/airflow/dags/analyze_nyc_taxi.py", line 1, in <module>
    from airflow.providers.standard.operators.python import PythonOperator
ModuleNotFoundError: No module named 'airflow.providers.standard'
[2026-02-03T23:06:15.726+0000] {processor.py:927} WARNING - No viable dags retrieved from /opt/airflow/dags/analyze_nyc_taxi.py
[2026-02-03T23:06:15.765+0000] {processor.py:208} INFO - Processing /opt/airflow/dags/analyze_nyc_taxi.py took 0.120 seconds
[2026-02-03T23:06:46.220+0000] {processor.py:186} INFO - Started process (PID=465) to work on /opt/airflow/dags/analyze_nyc_taxi.py
[2026-02-03T23:06:46.222+0000] {processor.py:914} INFO - Processing file /opt/airflow/dags/analyze_nyc_taxi.py for tasks to queue
[2026-02-03T23:06:46.226+0000] {logging_mixin.py:190} INFO - [2026-02-03T23:06:46.226+0000] {dagbag.py:588} INFO - Filling up the DagBag from /opt/airflow/dags/analyze_nyc_taxi.py
[2026-02-03T23:06:46.293+0000] {logging_mixin.py:190} INFO - [2026-02-03T23:06:46.279+0000] {dagbag.py:387} ERROR - Failed to import: /opt/airflow/dags/analyze_nyc_taxi.py
Traceback (most recent call last):
  File "/home/airflow/.local/lib/python3.10/site-packages/airflow/models/dagbag.py", line 383, in parse
    loader.exec_module(new_module)
  File "<frozen importlib._bootstrap_external>", line 883, in exec_module
  File "<frozen importlib._bootstrap>", line 241, in _call_with_frames_removed
  File "/opt/airflow/dags/analyze_nyc_taxi.py", line 1, in <module>
    from airflow.providers.standard.operators.python import PythonOperator
ModuleNotFoundError: No module named 'airflow.providers.standard'
[2026-02-03T23:06:46.297+0000] {processor.py:927} WARNING - No viable dags retrieved from /opt/airflow/dags/analyze_nyc_taxi.py
[2026-02-03T23:06:46.333+0000] {processor.py:208} INFO - Processing /opt/airflow/dags/analyze_nyc_taxi.py took 0.123 seconds
