[2026-02-03T21:41:23.154+0000] {processor.py:161} INFO - Started process (PID=239) to work on /opt/airflow/dags/ingest_nyc_taxi.py
[2026-02-03T21:41:23.156+0000] {processor.py:830} INFO - Processing file /opt/airflow/dags/ingest_nyc_taxi.py for tasks to queue
[2026-02-03T21:41:23.157+0000] {logging_mixin.py:188} INFO - [2026-02-03T21:41:23.157+0000] {dagbag.py:538} INFO - Filling up the DagBag from /opt/airflow/dags/ingest_nyc_taxi.py
[2026-02-03T21:41:23.191+0000] {logging_mixin.py:188} INFO - [2026-02-03T21:41:23.186+0000] {dagbag.py:348} ERROR - Failed to import: /opt/airflow/dags/ingest_nyc_taxi.py
Traceback (most recent call last):
  File "/home/airflow/.local/lib/python3.10/site-packages/airflow/models/dagbag.py", line 344, in parse
    loader.exec_module(new_module)
  File "<frozen importlib._bootstrap_external>", line 883, in exec_module
  File "<frozen importlib._bootstrap>", line 241, in _call_with_frames_removed
  File "/opt/airflow/dags/ingest_nyc_taxi.py", line 1, in <module>
    from airflow.providers.standard.operators.python import PythonOperator
ModuleNotFoundError: No module named 'airflow.providers.standard'
[2026-02-03T21:41:23.193+0000] {processor.py:842} WARNING - No viable dags retrieved from /opt/airflow/dags/ingest_nyc_taxi.py
[2026-02-03T21:41:23.219+0000] {processor.py:183} INFO - Processing /opt/airflow/dags/ingest_nyc_taxi.py took 0.069 seconds
[2026-02-03T21:41:53.732+0000] {processor.py:161} INFO - Started process (PID=257) to work on /opt/airflow/dags/ingest_nyc_taxi.py
[2026-02-03T21:41:53.733+0000] {processor.py:830} INFO - Processing file /opt/airflow/dags/ingest_nyc_taxi.py for tasks to queue
[2026-02-03T21:41:53.735+0000] {logging_mixin.py:188} INFO - [2026-02-03T21:41:53.735+0000] {dagbag.py:538} INFO - Filling up the DagBag from /opt/airflow/dags/ingest_nyc_taxi.py
[2026-02-03T21:41:53.779+0000] {logging_mixin.py:188} INFO - [2026-02-03T21:41:53.769+0000] {dagbag.py:348} ERROR - Failed to import: /opt/airflow/dags/ingest_nyc_taxi.py
Traceback (most recent call last):
  File "/home/airflow/.local/lib/python3.10/site-packages/airflow/models/dagbag.py", line 344, in parse
    loader.exec_module(new_module)
  File "<frozen importlib._bootstrap_external>", line 883, in exec_module
  File "<frozen importlib._bootstrap>", line 241, in _call_with_frames_removed
  File "/opt/airflow/dags/ingest_nyc_taxi.py", line 1, in <module>
    from airflow.providers.standard.operators.python import PythonOperator
ModuleNotFoundError: No module named 'airflow.providers.standard'
[2026-02-03T21:41:53.782+0000] {processor.py:842} WARNING - No viable dags retrieved from /opt/airflow/dags/ingest_nyc_taxi.py
[2026-02-03T21:41:53.814+0000] {processor.py:183} INFO - Processing /opt/airflow/dags/ingest_nyc_taxi.py took 0.087 seconds
[2026-02-03T21:42:24.170+0000] {processor.py:161} INFO - Started process (PID=275) to work on /opt/airflow/dags/ingest_nyc_taxi.py
[2026-02-03T21:42:24.172+0000] {processor.py:830} INFO - Processing file /opt/airflow/dags/ingest_nyc_taxi.py for tasks to queue
[2026-02-03T21:42:24.174+0000] {logging_mixin.py:188} INFO - [2026-02-03T21:42:24.173+0000] {dagbag.py:538} INFO - Filling up the DagBag from /opt/airflow/dags/ingest_nyc_taxi.py
[2026-02-03T21:42:24.206+0000] {logging_mixin.py:188} INFO - [2026-02-03T21:42:24.200+0000] {dagbag.py:348} ERROR - Failed to import: /opt/airflow/dags/ingest_nyc_taxi.py
Traceback (most recent call last):
  File "/home/airflow/.local/lib/python3.10/site-packages/airflow/models/dagbag.py", line 344, in parse
    loader.exec_module(new_module)
  File "<frozen importlib._bootstrap_external>", line 883, in exec_module
  File "<frozen importlib._bootstrap>", line 241, in _call_with_frames_removed
  File "/opt/airflow/dags/ingest_nyc_taxi.py", line 1, in <module>
    from airflow.providers.standard.operators.python import PythonOperator
ModuleNotFoundError: No module named 'airflow.providers.standard'
[2026-02-03T21:42:24.209+0000] {processor.py:842} WARNING - No viable dags retrieved from /opt/airflow/dags/ingest_nyc_taxi.py
[2026-02-03T21:42:24.242+0000] {processor.py:183} INFO - Processing /opt/airflow/dags/ingest_nyc_taxi.py took 0.078 seconds
[2026-02-03T21:42:54.585+0000] {processor.py:161} INFO - Started process (PID=293) to work on /opt/airflow/dags/ingest_nyc_taxi.py
[2026-02-03T21:42:54.588+0000] {processor.py:830} INFO - Processing file /opt/airflow/dags/ingest_nyc_taxi.py for tasks to queue
[2026-02-03T21:42:54.589+0000] {logging_mixin.py:188} INFO - [2026-02-03T21:42:54.589+0000] {dagbag.py:538} INFO - Filling up the DagBag from /opt/airflow/dags/ingest_nyc_taxi.py
[2026-02-03T21:42:54.628+0000] {logging_mixin.py:188} INFO - [2026-02-03T21:42:54.619+0000] {dagbag.py:348} ERROR - Failed to import: /opt/airflow/dags/ingest_nyc_taxi.py
Traceback (most recent call last):
  File "/home/airflow/.local/lib/python3.10/site-packages/airflow/models/dagbag.py", line 344, in parse
    loader.exec_module(new_module)
  File "<frozen importlib._bootstrap_external>", line 883, in exec_module
  File "<frozen importlib._bootstrap>", line 241, in _call_with_frames_removed
  File "/opt/airflow/dags/ingest_nyc_taxi.py", line 1, in <module>
    from airflow.providers.standard.operators.python import PythonOperator
ModuleNotFoundError: No module named 'airflow.providers.standard'
[2026-02-03T21:42:54.630+0000] {processor.py:842} WARNING - No viable dags retrieved from /opt/airflow/dags/ingest_nyc_taxi.py
[2026-02-03T21:42:54.663+0000] {processor.py:183} INFO - Processing /opt/airflow/dags/ingest_nyc_taxi.py took 0.083 seconds
[2026-02-03T21:44:00.649+0000] {processor.py:161} INFO - Started process (PID=184) to work on /opt/airflow/dags/ingest_nyc_taxi.py
[2026-02-03T21:44:00.651+0000] {processor.py:830} INFO - Processing file /opt/airflow/dags/ingest_nyc_taxi.py for tasks to queue
[2026-02-03T21:44:00.653+0000] {logging_mixin.py:188} INFO - [2026-02-03T21:44:00.653+0000] {dagbag.py:538} INFO - Filling up the DagBag from /opt/airflow/dags/ingest_nyc_taxi.py
[2026-02-03T21:44:00.841+0000] {logging_mixin.py:188} INFO - [2026-02-03T21:44:00.832+0000] {dagbag.py:348} ERROR - Failed to import: /opt/airflow/dags/ingest_nyc_taxi.py
Traceback (most recent call last):
  File "/home/airflow/.local/lib/python3.10/site-packages/airflow/models/dagbag.py", line 344, in parse
    loader.exec_module(new_module)
  File "<frozen importlib._bootstrap_external>", line 883, in exec_module
  File "<frozen importlib._bootstrap>", line 241, in _call_with_frames_removed
  File "/opt/airflow/dags/ingest_nyc_taxi.py", line 1, in <module>
    from airflow.providers.standard.operators.python import PythonOperator
ModuleNotFoundError: No module named 'airflow.providers.standard'
[2026-02-03T21:44:00.844+0000] {processor.py:842} WARNING - No viable dags retrieved from /opt/airflow/dags/ingest_nyc_taxi.py
[2026-02-03T21:44:00.874+0000] {processor.py:183} INFO - Processing /opt/airflow/dags/ingest_nyc_taxi.py took 0.229 seconds
[2026-02-03T21:44:31.125+0000] {processor.py:161} INFO - Started process (PID=197) to work on /opt/airflow/dags/ingest_nyc_taxi.py
[2026-02-03T21:44:31.126+0000] {processor.py:830} INFO - Processing file /opt/airflow/dags/ingest_nyc_taxi.py for tasks to queue
[2026-02-03T21:44:31.127+0000] {logging_mixin.py:188} INFO - [2026-02-03T21:44:31.127+0000] {dagbag.py:538} INFO - Filling up the DagBag from /opt/airflow/dags/ingest_nyc_taxi.py
[2026-02-03T21:44:31.143+0000] {logging_mixin.py:188} INFO - [2026-02-03T21:44:31.140+0000] {dagbag.py:348} ERROR - Failed to import: /opt/airflow/dags/ingest_nyc_taxi.py
Traceback (most recent call last):
  File "/home/airflow/.local/lib/python3.10/site-packages/airflow/models/dagbag.py", line 344, in parse
    loader.exec_module(new_module)
  File "<frozen importlib._bootstrap_external>", line 883, in exec_module
  File "<frozen importlib._bootstrap>", line 241, in _call_with_frames_removed
  File "/opt/airflow/dags/ingest_nyc_taxi.py", line 1, in <module>
    from airflow.providers.standard.operators.python import PythonOperator
ModuleNotFoundError: No module named 'airflow.providers.standard'
[2026-02-03T21:44:31.144+0000] {processor.py:842} WARNING - No viable dags retrieved from /opt/airflow/dags/ingest_nyc_taxi.py
[2026-02-03T21:44:31.171+0000] {processor.py:183} INFO - Processing /opt/airflow/dags/ingest_nyc_taxi.py took 0.050 seconds
[2026-02-03T21:45:01.465+0000] {processor.py:161} INFO - Started process (PID=210) to work on /opt/airflow/dags/ingest_nyc_taxi.py
[2026-02-03T21:45:01.467+0000] {processor.py:830} INFO - Processing file /opt/airflow/dags/ingest_nyc_taxi.py for tasks to queue
[2026-02-03T21:45:01.469+0000] {logging_mixin.py:188} INFO - [2026-02-03T21:45:01.469+0000] {dagbag.py:538} INFO - Filling up the DagBag from /opt/airflow/dags/ingest_nyc_taxi.py
[2026-02-03T21:45:01.509+0000] {logging_mixin.py:188} INFO - [2026-02-03T21:45:01.497+0000] {dagbag.py:348} ERROR - Failed to import: /opt/airflow/dags/ingest_nyc_taxi.py
Traceback (most recent call last):
  File "/home/airflow/.local/lib/python3.10/site-packages/airflow/models/dagbag.py", line 344, in parse
    loader.exec_module(new_module)
  File "<frozen importlib._bootstrap_external>", line 883, in exec_module
  File "<frozen importlib._bootstrap>", line 241, in _call_with_frames_removed
  File "/opt/airflow/dags/ingest_nyc_taxi.py", line 1, in <module>
    from airflow.providers.standard.operators.python import PythonOperator
ModuleNotFoundError: No module named 'airflow.providers.standard'
[2026-02-03T21:45:01.511+0000] {processor.py:842} WARNING - No viable dags retrieved from /opt/airflow/dags/ingest_nyc_taxi.py
[2026-02-03T21:45:01.544+0000] {processor.py:183} INFO - Processing /opt/airflow/dags/ingest_nyc_taxi.py took 0.083 seconds
[2026-02-03T21:45:31.749+0000] {processor.py:161} INFO - Started process (PID=223) to work on /opt/airflow/dags/ingest_nyc_taxi.py
[2026-02-03T21:45:31.750+0000] {processor.py:830} INFO - Processing file /opt/airflow/dags/ingest_nyc_taxi.py for tasks to queue
[2026-02-03T21:45:31.752+0000] {logging_mixin.py:188} INFO - [2026-02-03T21:45:31.752+0000] {dagbag.py:538} INFO - Filling up the DagBag from /opt/airflow/dags/ingest_nyc_taxi.py
[2026-02-03T21:45:31.808+0000] {logging_mixin.py:188} INFO - [2026-02-03T21:45:31.795+0000] {dagbag.py:348} ERROR - Failed to import: /opt/airflow/dags/ingest_nyc_taxi.py
Traceback (most recent call last):
  File "/home/airflow/.local/lib/python3.10/site-packages/airflow/models/dagbag.py", line 344, in parse
    loader.exec_module(new_module)
  File "<frozen importlib._bootstrap_external>", line 883, in exec_module
  File "<frozen importlib._bootstrap>", line 241, in _call_with_frames_removed
  File "/opt/airflow/dags/ingest_nyc_taxi.py", line 1, in <module>
    from airflow.providers.standard.operators.python import PythonOperator
ModuleNotFoundError: No module named 'airflow.providers.standard'
[2026-02-03T21:45:31.811+0000] {processor.py:842} WARNING - No viable dags retrieved from /opt/airflow/dags/ingest_nyc_taxi.py
[2026-02-03T21:45:31.844+0000] {processor.py:183} INFO - Processing /opt/airflow/dags/ingest_nyc_taxi.py took 0.099 seconds
[2026-02-03T21:48:38.144+0000] {processor.py:161} INFO - Started process (PID=184) to work on /opt/airflow/dags/ingest_nyc_taxi.py
[2026-02-03T21:48:38.145+0000] {processor.py:830} INFO - Processing file /opt/airflow/dags/ingest_nyc_taxi.py for tasks to queue
[2026-02-03T21:48:38.146+0000] {logging_mixin.py:188} INFO - [2026-02-03T21:48:38.146+0000] {dagbag.py:538} INFO - Filling up the DagBag from /opt/airflow/dags/ingest_nyc_taxi.py
[2026-02-03T21:48:38.276+0000] {processor.py:840} INFO - DAG(s) 'analyze_nyc_taxi' retrieved from /opt/airflow/dags/ingest_nyc_taxi.py
[2026-02-03T21:48:38.472+0000] {logging_mixin.py:188} INFO - [2026-02-03T21:48:38.472+0000] {override.py:1769} INFO - Created Permission View: can delete on DAG:analyze_nyc_taxi
[2026-02-03T21:48:38.482+0000] {logging_mixin.py:188} INFO - [2026-02-03T21:48:38.482+0000] {override.py:1769} INFO - Created Permission View: can read on DAG:analyze_nyc_taxi
[2026-02-03T21:48:38.489+0000] {logging_mixin.py:188} INFO - [2026-02-03T21:48:38.489+0000] {override.py:1769} INFO - Created Permission View: can edit on DAG:analyze_nyc_taxi
[2026-02-03T21:48:38.492+0000] {logging_mixin.py:188} INFO - [2026-02-03T21:48:38.492+0000] {dag.py:3036} INFO - Sync 1 DAGs
[2026-02-03T21:48:38.503+0000] {logging_mixin.py:188} INFO - [2026-02-03T21:48:38.503+0000] {dag.py:3058} INFO - Creating ORM DAG for analyze_nyc_taxi
[2026-02-03T21:48:38.506+0000] {logging_mixin.py:188} INFO - [2026-02-03T21:48:38.506+0000] {dag.py:3823} INFO - Setting next_dagrun for analyze_nyc_taxi to None, run_after=None
[2026-02-03T21:48:38.531+0000] {processor.py:183} INFO - Processing /opt/airflow/dags/ingest_nyc_taxi.py took 0.391 seconds
[2026-02-03T21:49:08.815+0000] {processor.py:161} INFO - Started process (PID=224) to work on /opt/airflow/dags/ingest_nyc_taxi.py
[2026-02-03T21:49:08.818+0000] {processor.py:830} INFO - Processing file /opt/airflow/dags/ingest_nyc_taxi.py for tasks to queue
[2026-02-03T21:49:08.819+0000] {logging_mixin.py:188} INFO - [2026-02-03T21:49:08.819+0000] {dagbag.py:538} INFO - Filling up the DagBag from /opt/airflow/dags/ingest_nyc_taxi.py
[2026-02-03T21:49:08.897+0000] {processor.py:840} INFO - DAG(s) 'analyze_nyc_taxi' retrieved from /opt/airflow/dags/ingest_nyc_taxi.py
[2026-02-03T21:49:08.929+0000] {logging_mixin.py:188} INFO - [2026-02-03T21:49:08.929+0000] {dag.py:3036} INFO - Sync 1 DAGs
[2026-02-03T21:49:08.941+0000] {logging_mixin.py:188} INFO - [2026-02-03T21:49:08.941+0000] {dag.py:3823} INFO - Setting next_dagrun for analyze_nyc_taxi to None, run_after=None
[2026-02-03T21:49:08.970+0000] {processor.py:183} INFO - Processing /opt/airflow/dags/ingest_nyc_taxi.py took 0.157 seconds
[2026-02-03T21:49:39.146+0000] {processor.py:161} INFO - Started process (PID=264) to work on /opt/airflow/dags/ingest_nyc_taxi.py
[2026-02-03T21:49:39.147+0000] {processor.py:830} INFO - Processing file /opt/airflow/dags/ingest_nyc_taxi.py for tasks to queue
[2026-02-03T21:49:39.149+0000] {logging_mixin.py:188} INFO - [2026-02-03T21:49:39.149+0000] {dagbag.py:538} INFO - Filling up the DagBag from /opt/airflow/dags/ingest_nyc_taxi.py
[2026-02-03T21:49:39.201+0000] {processor.py:840} INFO - DAG(s) 'analyze_nyc_taxi' retrieved from /opt/airflow/dags/ingest_nyc_taxi.py
[2026-02-03T21:49:39.229+0000] {logging_mixin.py:188} INFO - [2026-02-03T21:49:39.229+0000] {dag.py:3036} INFO - Sync 1 DAGs
[2026-02-03T21:49:39.241+0000] {logging_mixin.py:188} INFO - [2026-02-03T21:49:39.241+0000] {dag.py:3823} INFO - Setting next_dagrun for analyze_nyc_taxi to None, run_after=None
[2026-02-03T21:49:39.273+0000] {processor.py:183} INFO - Processing /opt/airflow/dags/ingest_nyc_taxi.py took 0.131 seconds
[2026-02-03T21:50:09.669+0000] {processor.py:161} INFO - Started process (PID=304) to work on /opt/airflow/dags/ingest_nyc_taxi.py
[2026-02-03T21:50:09.670+0000] {processor.py:830} INFO - Processing file /opt/airflow/dags/ingest_nyc_taxi.py for tasks to queue
[2026-02-03T21:50:09.671+0000] {logging_mixin.py:188} INFO - [2026-02-03T21:50:09.670+0000] {dagbag.py:538} INFO - Filling up the DagBag from /opt/airflow/dags/ingest_nyc_taxi.py
[2026-02-03T21:50:09.723+0000] {processor.py:840} INFO - DAG(s) 'analyze_nyc_taxi' retrieved from /opt/airflow/dags/ingest_nyc_taxi.py
[2026-02-03T21:50:09.755+0000] {logging_mixin.py:188} INFO - [2026-02-03T21:50:09.755+0000] {dag.py:3036} INFO - Sync 1 DAGs
[2026-02-03T21:50:09.768+0000] {logging_mixin.py:188} INFO - [2026-02-03T21:50:09.768+0000] {dag.py:3823} INFO - Setting next_dagrun for analyze_nyc_taxi to None, run_after=None
[2026-02-03T21:50:09.800+0000] {processor.py:183} INFO - Processing /opt/airflow/dags/ingest_nyc_taxi.py took 0.135 seconds
[2026-02-03T21:50:39.951+0000] {processor.py:161} INFO - Started process (PID=373) to work on /opt/airflow/dags/ingest_nyc_taxi.py
[2026-02-03T21:50:39.953+0000] {processor.py:830} INFO - Processing file /opt/airflow/dags/ingest_nyc_taxi.py for tasks to queue
[2026-02-03T21:50:39.954+0000] {logging_mixin.py:188} INFO - [2026-02-03T21:50:39.954+0000] {dagbag.py:538} INFO - Filling up the DagBag from /opt/airflow/dags/ingest_nyc_taxi.py
[2026-02-03T21:50:40.021+0000] {processor.py:840} INFO - DAG(s) 'analyze_nyc_taxi' retrieved from /opt/airflow/dags/ingest_nyc_taxi.py
[2026-02-03T21:50:40.225+0000] {logging_mixin.py:188} INFO - [2026-02-03T21:50:40.225+0000] {dag.py:3036} INFO - Sync 1 DAGs
[2026-02-03T21:50:40.251+0000] {logging_mixin.py:188} INFO - [2026-02-03T21:50:40.251+0000] {dag.py:3823} INFO - Setting next_dagrun for analyze_nyc_taxi to None, run_after=None
[2026-02-03T21:50:40.446+0000] {processor.py:183} INFO - Processing /opt/airflow/dags/ingest_nyc_taxi.py took 0.497 seconds
[2026-02-03T22:09:09.611+0000] {processor.py:161} INFO - Started process (PID=184) to work on /opt/airflow/dags/ingest_nyc_taxi.py
[2026-02-03T22:09:09.613+0000] {processor.py:830} INFO - Processing file /opt/airflow/dags/ingest_nyc_taxi.py for tasks to queue
[2026-02-03T22:09:09.615+0000] {logging_mixin.py:188} INFO - [2026-02-03T22:09:09.615+0000] {dagbag.py:538} INFO - Filling up the DagBag from /opt/airflow/dags/ingest_nyc_taxi.py
[2026-02-03T22:09:09.752+0000] {logging_mixin.py:188} INFO - [2026-02-03T22:09:09.747+0000] {dagbag.py:348} ERROR - Failed to import: /opt/airflow/dags/ingest_nyc_taxi.py
Traceback (most recent call last):
  File "/home/airflow/.local/lib/python3.10/site-packages/airflow/models/dagbag.py", line 344, in parse
    loader.exec_module(new_module)
  File "<frozen importlib._bootstrap_external>", line 883, in exec_module
  File "<frozen importlib._bootstrap>", line 241, in _call_with_frames_removed
  File "/opt/airflow/dags/ingest_nyc_taxi.py", line 1, in <module>
    from airflow.providers.standard.operators.python import PythonOperator
ModuleNotFoundError: No module named 'airflow.providers.standard'
[2026-02-03T22:09:09.754+0000] {processor.py:842} WARNING - No viable dags retrieved from /opt/airflow/dags/ingest_nyc_taxi.py
[2026-02-03T22:09:09.786+0000] {processor.py:183} INFO - Processing /opt/airflow/dags/ingest_nyc_taxi.py took 0.180 seconds
[2026-02-03T22:09:40.449+0000] {processor.py:161} INFO - Started process (PID=197) to work on /opt/airflow/dags/ingest_nyc_taxi.py
[2026-02-03T22:09:40.451+0000] {processor.py:830} INFO - Processing file /opt/airflow/dags/ingest_nyc_taxi.py for tasks to queue
[2026-02-03T22:09:40.453+0000] {logging_mixin.py:188} INFO - [2026-02-03T22:09:40.453+0000] {dagbag.py:538} INFO - Filling up the DagBag from /opt/airflow/dags/ingest_nyc_taxi.py
[2026-02-03T22:09:40.485+0000] {logging_mixin.py:188} INFO - [2026-02-03T22:09:40.480+0000] {dagbag.py:348} ERROR - Failed to import: /opt/airflow/dags/ingest_nyc_taxi.py
Traceback (most recent call last):
  File "/home/airflow/.local/lib/python3.10/site-packages/airflow/models/dagbag.py", line 344, in parse
    loader.exec_module(new_module)
  File "<frozen importlib._bootstrap_external>", line 883, in exec_module
  File "<frozen importlib._bootstrap>", line 241, in _call_with_frames_removed
  File "/opt/airflow/dags/ingest_nyc_taxi.py", line 1, in <module>
    from airflow.providers.standard.operators.python import PythonOperator
ModuleNotFoundError: No module named 'airflow.providers.standard'
[2026-02-03T22:09:40.489+0000] {processor.py:842} WARNING - No viable dags retrieved from /opt/airflow/dags/ingest_nyc_taxi.py
[2026-02-03T22:09:40.520+0000] {processor.py:183} INFO - Processing /opt/airflow/dags/ingest_nyc_taxi.py took 0.076 seconds
[2026-02-03T22:10:10.918+0000] {processor.py:161} INFO - Started process (PID=210) to work on /opt/airflow/dags/ingest_nyc_taxi.py
[2026-02-03T22:10:10.920+0000] {processor.py:830} INFO - Processing file /opt/airflow/dags/ingest_nyc_taxi.py for tasks to queue
[2026-02-03T22:10:10.922+0000] {logging_mixin.py:188} INFO - [2026-02-03T22:10:10.921+0000] {dagbag.py:538} INFO - Filling up the DagBag from /opt/airflow/dags/ingest_nyc_taxi.py
[2026-02-03T22:10:10.964+0000] {logging_mixin.py:188} INFO - [2026-02-03T22:10:10.956+0000] {dagbag.py:348} ERROR - Failed to import: /opt/airflow/dags/ingest_nyc_taxi.py
Traceback (most recent call last):
  File "/home/airflow/.local/lib/python3.10/site-packages/airflow/models/dagbag.py", line 344, in parse
    loader.exec_module(new_module)
  File "<frozen importlib._bootstrap_external>", line 883, in exec_module
  File "<frozen importlib._bootstrap>", line 241, in _call_with_frames_removed
  File "/opt/airflow/dags/ingest_nyc_taxi.py", line 1, in <module>
    from airflow.providers.standard.operators.python import PythonOperator
ModuleNotFoundError: No module named 'airflow.providers.standard'
[2026-02-03T22:10:10.967+0000] {processor.py:842} WARNING - No viable dags retrieved from /opt/airflow/dags/ingest_nyc_taxi.py
[2026-02-03T22:10:11.002+0000] {processor.py:183} INFO - Processing /opt/airflow/dags/ingest_nyc_taxi.py took 0.090 seconds
[2026-02-03T22:10:41.476+0000] {processor.py:161} INFO - Started process (PID=223) to work on /opt/airflow/dags/ingest_nyc_taxi.py
[2026-02-03T22:10:41.477+0000] {processor.py:830} INFO - Processing file /opt/airflow/dags/ingest_nyc_taxi.py for tasks to queue
[2026-02-03T22:10:41.479+0000] {logging_mixin.py:188} INFO - [2026-02-03T22:10:41.479+0000] {dagbag.py:538} INFO - Filling up the DagBag from /opt/airflow/dags/ingest_nyc_taxi.py
[2026-02-03T22:10:41.523+0000] {logging_mixin.py:188} INFO - [2026-02-03T22:10:41.513+0000] {dagbag.py:348} ERROR - Failed to import: /opt/airflow/dags/ingest_nyc_taxi.py
Traceback (most recent call last):
  File "/home/airflow/.local/lib/python3.10/site-packages/airflow/models/dagbag.py", line 344, in parse
    loader.exec_module(new_module)
  File "<frozen importlib._bootstrap_external>", line 883, in exec_module
  File "<frozen importlib._bootstrap>", line 241, in _call_with_frames_removed
  File "/opt/airflow/dags/ingest_nyc_taxi.py", line 1, in <module>
    from airflow.providers.standard.operators.python import PythonOperator
ModuleNotFoundError: No module named 'airflow.providers.standard'
[2026-02-03T22:10:41.526+0000] {processor.py:842} WARNING - No viable dags retrieved from /opt/airflow/dags/ingest_nyc_taxi.py
[2026-02-03T22:10:41.565+0000] {processor.py:183} INFO - Processing /opt/airflow/dags/ingest_nyc_taxi.py took 0.096 seconds
[2026-02-03T22:11:11.813+0000] {processor.py:161} INFO - Started process (PID=236) to work on /opt/airflow/dags/ingest_nyc_taxi.py
[2026-02-03T22:11:11.814+0000] {processor.py:830} INFO - Processing file /opt/airflow/dags/ingest_nyc_taxi.py for tasks to queue
[2026-02-03T22:11:11.816+0000] {logging_mixin.py:188} INFO - [2026-02-03T22:11:11.816+0000] {dagbag.py:538} INFO - Filling up the DagBag from /opt/airflow/dags/ingest_nyc_taxi.py
[2026-02-03T22:11:11.858+0000] {logging_mixin.py:188} INFO - [2026-02-03T22:11:11.849+0000] {dagbag.py:348} ERROR - Failed to import: /opt/airflow/dags/ingest_nyc_taxi.py
Traceback (most recent call last):
  File "/home/airflow/.local/lib/python3.10/site-packages/airflow/models/dagbag.py", line 344, in parse
    loader.exec_module(new_module)
  File "<frozen importlib._bootstrap_external>", line 883, in exec_module
  File "<frozen importlib._bootstrap>", line 241, in _call_with_frames_removed
  File "/opt/airflow/dags/ingest_nyc_taxi.py", line 1, in <module>
    from airflow.providers.standard.operators.python import PythonOperator
ModuleNotFoundError: No module named 'airflow.providers.standard'
[2026-02-03T22:11:11.861+0000] {processor.py:842} WARNING - No viable dags retrieved from /opt/airflow/dags/ingest_nyc_taxi.py
[2026-02-03T22:11:11.908+0000] {processor.py:183} INFO - Processing /opt/airflow/dags/ingest_nyc_taxi.py took 0.100 seconds
[2026-02-03T22:13:19.950+0000] {processor.py:161} INFO - Started process (PID=187) to work on /opt/airflow/dags/ingest_nyc_taxi.py
[2026-02-03T22:13:19.952+0000] {processor.py:830} INFO - Processing file /opt/airflow/dags/ingest_nyc_taxi.py for tasks to queue
[2026-02-03T22:13:19.954+0000] {logging_mixin.py:188} INFO - [2026-02-03T22:13:19.954+0000] {dagbag.py:538} INFO - Filling up the DagBag from /opt/airflow/dags/ingest_nyc_taxi.py
[2026-02-03T22:13:20.077+0000] {logging_mixin.py:188} INFO - [2026-02-03T22:13:20.048+0000] {dagbag.py:348} ERROR - Failed to import: /opt/airflow/dags/ingest_nyc_taxi.py
Traceback (most recent call last):
  File "/home/airflow/.local/lib/python3.10/site-packages/airflow/models/dagbag.py", line 344, in parse
    loader.exec_module(new_module)
  File "<frozen importlib._bootstrap_external>", line 883, in exec_module
  File "<frozen importlib._bootstrap>", line 241, in _call_with_frames_removed
  File "/opt/airflow/dags/ingest_nyc_taxi.py", line 1, in <module>
    from airflow.providers.standard.operators.python import PythonOperator
ModuleNotFoundError: No module named 'airflow.providers.standard'
[2026-02-03T22:13:20.084+0000] {processor.py:842} WARNING - No viable dags retrieved from /opt/airflow/dags/ingest_nyc_taxi.py
[2026-02-03T22:13:20.122+0000] {processor.py:183} INFO - Processing /opt/airflow/dags/ingest_nyc_taxi.py took 0.178 seconds
[2026-02-03T22:13:50.403+0000] {processor.py:161} INFO - Started process (PID=265) to work on /opt/airflow/dags/ingest_nyc_taxi.py
[2026-02-03T22:13:50.404+0000] {processor.py:830} INFO - Processing file /opt/airflow/dags/ingest_nyc_taxi.py for tasks to queue
[2026-02-03T22:13:50.405+0000] {logging_mixin.py:188} INFO - [2026-02-03T22:13:50.405+0000] {dagbag.py:538} INFO - Filling up the DagBag from /opt/airflow/dags/ingest_nyc_taxi.py
[2026-02-03T22:13:50.438+0000] {logging_mixin.py:188} INFO - [2026-02-03T22:13:50.431+0000] {dagbag.py:348} ERROR - Failed to import: /opt/airflow/dags/ingest_nyc_taxi.py
Traceback (most recent call last):
  File "/home/airflow/.local/lib/python3.10/site-packages/airflow/models/dagbag.py", line 344, in parse
    loader.exec_module(new_module)
  File "<frozen importlib._bootstrap_external>", line 883, in exec_module
  File "<frozen importlib._bootstrap>", line 241, in _call_with_frames_removed
  File "/opt/airflow/dags/ingest_nyc_taxi.py", line 1, in <module>
    from airflow.providers.standard.operators.python import PythonOperator
ModuleNotFoundError: No module named 'airflow.providers.standard'
[2026-02-03T22:13:50.440+0000] {processor.py:842} WARNING - No viable dags retrieved from /opt/airflow/dags/ingest_nyc_taxi.py
[2026-02-03T22:13:50.476+0000] {processor.py:183} INFO - Processing /opt/airflow/dags/ingest_nyc_taxi.py took 0.078 seconds
[2026-02-03T22:14:21.168+0000] {processor.py:161} INFO - Started process (PID=310) to work on /opt/airflow/dags/ingest_nyc_taxi.py
[2026-02-03T22:14:21.170+0000] {processor.py:830} INFO - Processing file /opt/airflow/dags/ingest_nyc_taxi.py for tasks to queue
[2026-02-03T22:14:21.171+0000] {logging_mixin.py:188} INFO - [2026-02-03T22:14:21.171+0000] {dagbag.py:538} INFO - Filling up the DagBag from /opt/airflow/dags/ingest_nyc_taxi.py
[2026-02-03T22:14:21.200+0000] {logging_mixin.py:188} INFO - [2026-02-03T22:14:21.194+0000] {dagbag.py:348} ERROR - Failed to import: /opt/airflow/dags/ingest_nyc_taxi.py
Traceback (most recent call last):
  File "/home/airflow/.local/lib/python3.10/site-packages/airflow/models/dagbag.py", line 344, in parse
    loader.exec_module(new_module)
  File "<frozen importlib._bootstrap_external>", line 883, in exec_module
  File "<frozen importlib._bootstrap>", line 241, in _call_with_frames_removed
  File "/opt/airflow/dags/ingest_nyc_taxi.py", line 1, in <module>
    from airflow.providers.standard.operators.python import PythonOperator
ModuleNotFoundError: No module named 'airflow.providers.standard'
[2026-02-03T22:14:21.203+0000] {processor.py:842} WARNING - No viable dags retrieved from /opt/airflow/dags/ingest_nyc_taxi.py
[2026-02-03T22:14:21.250+0000] {processor.py:183} INFO - Processing /opt/airflow/dags/ingest_nyc_taxi.py took 0.088 seconds
[2026-02-03T22:14:51.749+0000] {processor.py:161} INFO - Started process (PID=355) to work on /opt/airflow/dags/ingest_nyc_taxi.py
[2026-02-03T22:14:51.751+0000] {processor.py:830} INFO - Processing file /opt/airflow/dags/ingest_nyc_taxi.py for tasks to queue
[2026-02-03T22:14:51.752+0000] {logging_mixin.py:188} INFO - [2026-02-03T22:14:51.752+0000] {dagbag.py:538} INFO - Filling up the DagBag from /opt/airflow/dags/ingest_nyc_taxi.py
[2026-02-03T22:14:51.778+0000] {logging_mixin.py:188} INFO - [2026-02-03T22:14:51.772+0000] {dagbag.py:348} ERROR - Failed to import: /opt/airflow/dags/ingest_nyc_taxi.py
Traceback (most recent call last):
  File "/home/airflow/.local/lib/python3.10/site-packages/airflow/models/dagbag.py", line 344, in parse
    loader.exec_module(new_module)
  File "<frozen importlib._bootstrap_external>", line 883, in exec_module
  File "<frozen importlib._bootstrap>", line 241, in _call_with_frames_removed
  File "/opt/airflow/dags/ingest_nyc_taxi.py", line 1, in <module>
    from airflow.providers.standard.operators.python import PythonOperator
ModuleNotFoundError: No module named 'airflow.providers.standard'
[2026-02-03T22:14:51.780+0000] {processor.py:842} WARNING - No viable dags retrieved from /opt/airflow/dags/ingest_nyc_taxi.py
[2026-02-03T22:14:51.813+0000] {processor.py:183} INFO - Processing /opt/airflow/dags/ingest_nyc_taxi.py took 0.067 seconds
[2026-02-03T22:15:22.046+0000] {processor.py:161} INFO - Started process (PID=400) to work on /opt/airflow/dags/ingest_nyc_taxi.py
[2026-02-03T22:15:22.048+0000] {processor.py:830} INFO - Processing file /opt/airflow/dags/ingest_nyc_taxi.py for tasks to queue
[2026-02-03T22:15:22.049+0000] {logging_mixin.py:188} INFO - [2026-02-03T22:15:22.049+0000] {dagbag.py:538} INFO - Filling up the DagBag from /opt/airflow/dags/ingest_nyc_taxi.py
[2026-02-03T22:15:22.092+0000] {logging_mixin.py:188} INFO - [2026-02-03T22:15:22.081+0000] {dagbag.py:348} ERROR - Failed to import: /opt/airflow/dags/ingest_nyc_taxi.py
Traceback (most recent call last):
  File "/home/airflow/.local/lib/python3.10/site-packages/airflow/models/dagbag.py", line 344, in parse
    loader.exec_module(new_module)
  File "<frozen importlib._bootstrap_external>", line 883, in exec_module
  File "<frozen importlib._bootstrap>", line 241, in _call_with_frames_removed
  File "/opt/airflow/dags/ingest_nyc_taxi.py", line 1, in <module>
    from airflow.providers.standard.operators.python import PythonOperator
ModuleNotFoundError: No module named 'airflow.providers.standard'
[2026-02-03T22:15:22.097+0000] {processor.py:842} WARNING - No viable dags retrieved from /opt/airflow/dags/ingest_nyc_taxi.py
[2026-02-03T22:15:22.133+0000] {processor.py:183} INFO - Processing /opt/airflow/dags/ingest_nyc_taxi.py took 0.093 seconds
[2026-02-03T22:15:52.645+0000] {processor.py:161} INFO - Started process (PID=470) to work on /opt/airflow/dags/ingest_nyc_taxi.py
[2026-02-03T22:15:52.647+0000] {processor.py:830} INFO - Processing file /opt/airflow/dags/ingest_nyc_taxi.py for tasks to queue
[2026-02-03T22:15:52.648+0000] {logging_mixin.py:188} INFO - [2026-02-03T22:15:52.648+0000] {dagbag.py:538} INFO - Filling up the DagBag from /opt/airflow/dags/ingest_nyc_taxi.py
[2026-02-03T22:15:52.682+0000] {logging_mixin.py:188} INFO - [2026-02-03T22:15:52.676+0000] {dagbag.py:348} ERROR - Failed to import: /opt/airflow/dags/ingest_nyc_taxi.py
Traceback (most recent call last):
  File "/home/airflow/.local/lib/python3.10/site-packages/airflow/models/dagbag.py", line 344, in parse
    loader.exec_module(new_module)
  File "<frozen importlib._bootstrap_external>", line 883, in exec_module
  File "<frozen importlib._bootstrap>", line 241, in _call_with_frames_removed
  File "/opt/airflow/dags/ingest_nyc_taxi.py", line 1, in <module>
    from airflow.providers.standard.operators.python import PythonOperator
ModuleNotFoundError: No module named 'airflow.providers.standard'
[2026-02-03T22:15:52.684+0000] {processor.py:842} WARNING - No viable dags retrieved from /opt/airflow/dags/ingest_nyc_taxi.py
[2026-02-03T22:15:52.726+0000] {processor.py:183} INFO - Processing /opt/airflow/dags/ingest_nyc_taxi.py took 0.084 seconds
[2026-02-03T22:16:23.261+0000] {processor.py:161} INFO - Started process (PID=515) to work on /opt/airflow/dags/ingest_nyc_taxi.py
[2026-02-03T22:16:23.262+0000] {processor.py:830} INFO - Processing file /opt/airflow/dags/ingest_nyc_taxi.py for tasks to queue
[2026-02-03T22:16:23.265+0000] {logging_mixin.py:188} INFO - [2026-02-03T22:16:23.265+0000] {dagbag.py:538} INFO - Filling up the DagBag from /opt/airflow/dags/ingest_nyc_taxi.py
[2026-02-03T22:16:23.300+0000] {logging_mixin.py:188} INFO - [2026-02-03T22:16:23.293+0000] {dagbag.py:348} ERROR - Failed to import: /opt/airflow/dags/ingest_nyc_taxi.py
Traceback (most recent call last):
  File "/home/airflow/.local/lib/python3.10/site-packages/airflow/models/dagbag.py", line 344, in parse
    loader.exec_module(new_module)
  File "<frozen importlib._bootstrap_external>", line 883, in exec_module
  File "<frozen importlib._bootstrap>", line 241, in _call_with_frames_removed
  File "/opt/airflow/dags/ingest_nyc_taxi.py", line 1, in <module>
    from airflow.providers.standard.operators.python import PythonOperator
ModuleNotFoundError: No module named 'airflow.providers.standard'
[2026-02-03T22:16:23.303+0000] {processor.py:842} WARNING - No viable dags retrieved from /opt/airflow/dags/ingest_nyc_taxi.py
[2026-02-03T22:16:23.336+0000] {processor.py:183} INFO - Processing /opt/airflow/dags/ingest_nyc_taxi.py took 0.079 seconds
[2026-02-03T22:16:53.841+0000] {processor.py:161} INFO - Started process (PID=626) to work on /opt/airflow/dags/ingest_nyc_taxi.py
[2026-02-03T22:16:53.842+0000] {processor.py:830} INFO - Processing file /opt/airflow/dags/ingest_nyc_taxi.py for tasks to queue
[2026-02-03T22:16:53.844+0000] {logging_mixin.py:188} INFO - [2026-02-03T22:16:53.843+0000] {dagbag.py:538} INFO - Filling up the DagBag from /opt/airflow/dags/ingest_nyc_taxi.py
[2026-02-03T22:16:53.882+0000] {logging_mixin.py:188} INFO - [2026-02-03T22:16:53.876+0000] {dagbag.py:348} ERROR - Failed to import: /opt/airflow/dags/ingest_nyc_taxi.py
Traceback (most recent call last):
  File "/home/airflow/.local/lib/python3.10/site-packages/airflow/models/dagbag.py", line 344, in parse
    loader.exec_module(new_module)
  File "<frozen importlib._bootstrap_external>", line 883, in exec_module
  File "<frozen importlib._bootstrap>", line 241, in _call_with_frames_removed
  File "/opt/airflow/dags/ingest_nyc_taxi.py", line 1, in <module>
    from airflow.providers.standard.operators.python import PythonOperator
ModuleNotFoundError: No module named 'airflow.providers.standard'
[2026-02-03T22:16:53.884+0000] {processor.py:842} WARNING - No viable dags retrieved from /opt/airflow/dags/ingest_nyc_taxi.py
[2026-02-03T22:16:53.922+0000] {processor.py:183} INFO - Processing /opt/airflow/dags/ingest_nyc_taxi.py took 0.084 seconds
[2026-02-03T22:17:24.498+0000] {processor.py:161} INFO - Started process (PID=671) to work on /opt/airflow/dags/ingest_nyc_taxi.py
[2026-02-03T22:17:24.499+0000] {processor.py:830} INFO - Processing file /opt/airflow/dags/ingest_nyc_taxi.py for tasks to queue
[2026-02-03T22:17:24.501+0000] {logging_mixin.py:188} INFO - [2026-02-03T22:17:24.500+0000] {dagbag.py:538} INFO - Filling up the DagBag from /opt/airflow/dags/ingest_nyc_taxi.py
[2026-02-03T22:17:24.543+0000] {logging_mixin.py:188} INFO - [2026-02-03T22:17:24.533+0000] {dagbag.py:348} ERROR - Failed to import: /opt/airflow/dags/ingest_nyc_taxi.py
Traceback (most recent call last):
  File "/home/airflow/.local/lib/python3.10/site-packages/airflow/models/dagbag.py", line 344, in parse
    loader.exec_module(new_module)
  File "<frozen importlib._bootstrap_external>", line 883, in exec_module
  File "<frozen importlib._bootstrap>", line 241, in _call_with_frames_removed
  File "/opt/airflow/dags/ingest_nyc_taxi.py", line 1, in <module>
    from airflow.providers.standard.operators.python import PythonOperator
ModuleNotFoundError: No module named 'airflow.providers.standard'
[2026-02-03T22:17:24.547+0000] {processor.py:842} WARNING - No viable dags retrieved from /opt/airflow/dags/ingest_nyc_taxi.py
[2026-02-03T22:17:24.582+0000] {processor.py:183} INFO - Processing /opt/airflow/dags/ingest_nyc_taxi.py took 0.088 seconds
[2026-02-03T22:17:55.272+0000] {processor.py:161} INFO - Started process (PID=716) to work on /opt/airflow/dags/ingest_nyc_taxi.py
[2026-02-03T22:17:55.274+0000] {processor.py:830} INFO - Processing file /opt/airflow/dags/ingest_nyc_taxi.py for tasks to queue
[2026-02-03T22:17:55.277+0000] {logging_mixin.py:188} INFO - [2026-02-03T22:17:55.276+0000] {dagbag.py:538} INFO - Filling up the DagBag from /opt/airflow/dags/ingest_nyc_taxi.py
[2026-02-03T22:17:55.304+0000] {logging_mixin.py:188} INFO - [2026-02-03T22:17:55.298+0000] {dagbag.py:348} ERROR - Failed to import: /opt/airflow/dags/ingest_nyc_taxi.py
Traceback (most recent call last):
  File "/home/airflow/.local/lib/python3.10/site-packages/airflow/models/dagbag.py", line 344, in parse
    loader.exec_module(new_module)
  File "<frozen importlib._bootstrap_external>", line 883, in exec_module
  File "<frozen importlib._bootstrap>", line 241, in _call_with_frames_removed
  File "/opt/airflow/dags/ingest_nyc_taxi.py", line 1, in <module>
    from airflow.providers.standard.operators.python import PythonOperator
ModuleNotFoundError: No module named 'airflow.providers.standard'
[2026-02-03T22:17:55.308+0000] {processor.py:842} WARNING - No viable dags retrieved from /opt/airflow/dags/ingest_nyc_taxi.py
[2026-02-03T22:17:55.350+0000] {processor.py:183} INFO - Processing /opt/airflow/dags/ingest_nyc_taxi.py took 0.082 seconds
[2026-02-03T22:18:26.115+0000] {processor.py:161} INFO - Started process (PID=763) to work on /opt/airflow/dags/ingest_nyc_taxi.py
[2026-02-03T22:18:26.117+0000] {processor.py:830} INFO - Processing file /opt/airflow/dags/ingest_nyc_taxi.py for tasks to queue
[2026-02-03T22:18:26.118+0000] {logging_mixin.py:188} INFO - [2026-02-03T22:18:26.118+0000] {dagbag.py:538} INFO - Filling up the DagBag from /opt/airflow/dags/ingest_nyc_taxi.py
[2026-02-03T22:18:26.149+0000] {logging_mixin.py:188} INFO - [2026-02-03T22:18:26.142+0000] {dagbag.py:348} ERROR - Failed to import: /opt/airflow/dags/ingest_nyc_taxi.py
Traceback (most recent call last):
  File "/home/airflow/.local/lib/python3.10/site-packages/airflow/models/dagbag.py", line 344, in parse
    loader.exec_module(new_module)
  File "<frozen importlib._bootstrap_external>", line 883, in exec_module
  File "<frozen importlib._bootstrap>", line 241, in _call_with_frames_removed
  File "/opt/airflow/dags/ingest_nyc_taxi.py", line 1, in <module>
    from airflow.providers.standard.operators.python import PythonOperator
ModuleNotFoundError: No module named 'airflow.providers.standard'
[2026-02-03T22:18:26.151+0000] {processor.py:842} WARNING - No viable dags retrieved from /opt/airflow/dags/ingest_nyc_taxi.py
[2026-02-03T22:18:26.186+0000] {processor.py:183} INFO - Processing /opt/airflow/dags/ingest_nyc_taxi.py took 0.077 seconds
[2026-02-03T22:18:56.687+0000] {processor.py:161} INFO - Started process (PID=781) to work on /opt/airflow/dags/ingest_nyc_taxi.py
[2026-02-03T22:18:56.689+0000] {processor.py:830} INFO - Processing file /opt/airflow/dags/ingest_nyc_taxi.py for tasks to queue
[2026-02-03T22:18:56.691+0000] {logging_mixin.py:188} INFO - [2026-02-03T22:18:56.691+0000] {dagbag.py:538} INFO - Filling up the DagBag from /opt/airflow/dags/ingest_nyc_taxi.py
[2026-02-03T22:18:56.720+0000] {logging_mixin.py:188} INFO - [2026-02-03T22:18:56.715+0000] {dagbag.py:348} ERROR - Failed to import: /opt/airflow/dags/ingest_nyc_taxi.py
Traceback (most recent call last):
  File "/home/airflow/.local/lib/python3.10/site-packages/airflow/models/dagbag.py", line 344, in parse
    loader.exec_module(new_module)
  File "<frozen importlib._bootstrap_external>", line 883, in exec_module
  File "<frozen importlib._bootstrap>", line 241, in _call_with_frames_removed
  File "/opt/airflow/dags/ingest_nyc_taxi.py", line 1, in <module>
    from airflow.providers.standard.operators.python import PythonOperator
ModuleNotFoundError: No module named 'airflow.providers.standard'
[2026-02-03T22:18:56.722+0000] {processor.py:842} WARNING - No viable dags retrieved from /opt/airflow/dags/ingest_nyc_taxi.py
[2026-02-03T22:18:56.752+0000] {processor.py:183} INFO - Processing /opt/airflow/dags/ingest_nyc_taxi.py took 0.070 seconds
[2026-02-03T22:19:27.019+0000] {processor.py:161} INFO - Started process (PID=799) to work on /opt/airflow/dags/ingest_nyc_taxi.py
[2026-02-03T22:19:27.020+0000] {processor.py:830} INFO - Processing file /opt/airflow/dags/ingest_nyc_taxi.py for tasks to queue
[2026-02-03T22:19:27.022+0000] {logging_mixin.py:188} INFO - [2026-02-03T22:19:27.021+0000] {dagbag.py:538} INFO - Filling up the DagBag from /opt/airflow/dags/ingest_nyc_taxi.py
[2026-02-03T22:19:27.046+0000] {logging_mixin.py:188} INFO - [2026-02-03T22:19:27.041+0000] {dagbag.py:348} ERROR - Failed to import: /opt/airflow/dags/ingest_nyc_taxi.py
Traceback (most recent call last):
  File "/home/airflow/.local/lib/python3.10/site-packages/airflow/models/dagbag.py", line 344, in parse
    loader.exec_module(new_module)
  File "<frozen importlib._bootstrap_external>", line 883, in exec_module
  File "<frozen importlib._bootstrap>", line 241, in _call_with_frames_removed
  File "/opt/airflow/dags/ingest_nyc_taxi.py", line 1, in <module>
    from airflow.providers.standard.operators.python import PythonOperator
ModuleNotFoundError: No module named 'airflow.providers.standard'
[2026-02-03T22:19:27.050+0000] {processor.py:842} WARNING - No viable dags retrieved from /opt/airflow/dags/ingest_nyc_taxi.py
[2026-02-03T22:19:27.083+0000] {processor.py:183} INFO - Processing /opt/airflow/dags/ingest_nyc_taxi.py took 0.069 seconds
[2026-02-03T22:19:57.411+0000] {processor.py:161} INFO - Started process (PID=817) to work on /opt/airflow/dags/ingest_nyc_taxi.py
[2026-02-03T22:19:57.413+0000] {processor.py:830} INFO - Processing file /opt/airflow/dags/ingest_nyc_taxi.py for tasks to queue
[2026-02-03T22:19:57.415+0000] {logging_mixin.py:188} INFO - [2026-02-03T22:19:57.415+0000] {dagbag.py:538} INFO - Filling up the DagBag from /opt/airflow/dags/ingest_nyc_taxi.py
[2026-02-03T22:19:57.456+0000] {logging_mixin.py:188} INFO - [2026-02-03T22:19:57.447+0000] {dagbag.py:348} ERROR - Failed to import: /opt/airflow/dags/ingest_nyc_taxi.py
Traceback (most recent call last):
  File "/home/airflow/.local/lib/python3.10/site-packages/airflow/models/dagbag.py", line 344, in parse
    loader.exec_module(new_module)
  File "<frozen importlib._bootstrap_external>", line 883, in exec_module
  File "<frozen importlib._bootstrap>", line 241, in _call_with_frames_removed
  File "/opt/airflow/dags/ingest_nyc_taxi.py", line 1, in <module>
    from airflow.providers.standard.operators.python import PythonOperator
ModuleNotFoundError: No module named 'airflow.providers.standard'
[2026-02-03T22:19:57.460+0000] {processor.py:842} WARNING - No viable dags retrieved from /opt/airflow/dags/ingest_nyc_taxi.py
[2026-02-03T22:19:57.492+0000] {processor.py:183} INFO - Processing /opt/airflow/dags/ingest_nyc_taxi.py took 0.090 seconds
[2026-02-03T22:20:28.213+0000] {processor.py:161} INFO - Started process (PID=835) to work on /opt/airflow/dags/ingest_nyc_taxi.py
[2026-02-03T22:20:28.215+0000] {processor.py:830} INFO - Processing file /opt/airflow/dags/ingest_nyc_taxi.py for tasks to queue
[2026-02-03T22:20:28.217+0000] {logging_mixin.py:188} INFO - [2026-02-03T22:20:28.216+0000] {dagbag.py:538} INFO - Filling up the DagBag from /opt/airflow/dags/ingest_nyc_taxi.py
[2026-02-03T22:20:28.257+0000] {logging_mixin.py:188} INFO - [2026-02-03T22:20:28.247+0000] {dagbag.py:348} ERROR - Failed to import: /opt/airflow/dags/ingest_nyc_taxi.py
Traceback (most recent call last):
  File "/home/airflow/.local/lib/python3.10/site-packages/airflow/models/dagbag.py", line 344, in parse
    loader.exec_module(new_module)
  File "<frozen importlib._bootstrap_external>", line 883, in exec_module
  File "<frozen importlib._bootstrap>", line 241, in _call_with_frames_removed
  File "/opt/airflow/dags/ingest_nyc_taxi.py", line 1, in <module>
    from airflow.providers.standard.operators.python import PythonOperator
ModuleNotFoundError: No module named 'airflow.providers.standard'
[2026-02-03T22:20:28.260+0000] {processor.py:842} WARNING - No viable dags retrieved from /opt/airflow/dags/ingest_nyc_taxi.py
[2026-02-03T22:20:28.304+0000] {processor.py:183} INFO - Processing /opt/airflow/dags/ingest_nyc_taxi.py took 0.096 seconds
[2026-02-03T22:20:59.070+0000] {processor.py:161} INFO - Started process (PID=853) to work on /opt/airflow/dags/ingest_nyc_taxi.py
[2026-02-03T22:20:59.072+0000] {processor.py:830} INFO - Processing file /opt/airflow/dags/ingest_nyc_taxi.py for tasks to queue
[2026-02-03T22:20:59.074+0000] {logging_mixin.py:188} INFO - [2026-02-03T22:20:59.074+0000] {dagbag.py:538} INFO - Filling up the DagBag from /opt/airflow/dags/ingest_nyc_taxi.py
[2026-02-03T22:20:59.116+0000] {logging_mixin.py:188} INFO - [2026-02-03T22:20:59.108+0000] {dagbag.py:348} ERROR - Failed to import: /opt/airflow/dags/ingest_nyc_taxi.py
Traceback (most recent call last):
  File "/home/airflow/.local/lib/python3.10/site-packages/airflow/models/dagbag.py", line 344, in parse
    loader.exec_module(new_module)
  File "<frozen importlib._bootstrap_external>", line 883, in exec_module
  File "<frozen importlib._bootstrap>", line 241, in _call_with_frames_removed
  File "/opt/airflow/dags/ingest_nyc_taxi.py", line 1, in <module>
    from airflow.providers.standard.operators.python import PythonOperator
ModuleNotFoundError: No module named 'airflow.providers.standard'
[2026-02-03T22:20:59.119+0000] {processor.py:842} WARNING - No viable dags retrieved from /opt/airflow/dags/ingest_nyc_taxi.py
[2026-02-03T22:20:59.168+0000] {processor.py:183} INFO - Processing /opt/airflow/dags/ingest_nyc_taxi.py took 0.103 seconds
[2026-02-03T22:21:29.436+0000] {processor.py:161} INFO - Started process (PID=871) to work on /opt/airflow/dags/ingest_nyc_taxi.py
[2026-02-03T22:21:29.438+0000] {processor.py:830} INFO - Processing file /opt/airflow/dags/ingest_nyc_taxi.py for tasks to queue
[2026-02-03T22:21:29.440+0000] {logging_mixin.py:188} INFO - [2026-02-03T22:21:29.439+0000] {dagbag.py:538} INFO - Filling up the DagBag from /opt/airflow/dags/ingest_nyc_taxi.py
[2026-02-03T22:21:29.488+0000] {logging_mixin.py:188} INFO - [2026-02-03T22:21:29.477+0000] {dagbag.py:348} ERROR - Failed to import: /opt/airflow/dags/ingest_nyc_taxi.py
Traceback (most recent call last):
  File "/home/airflow/.local/lib/python3.10/site-packages/airflow/models/dagbag.py", line 344, in parse
    loader.exec_module(new_module)
  File "<frozen importlib._bootstrap_external>", line 883, in exec_module
  File "<frozen importlib._bootstrap>", line 241, in _call_with_frames_removed
  File "/opt/airflow/dags/ingest_nyc_taxi.py", line 1, in <module>
    from airflow.providers.standard.operators.python import PythonOperator
ModuleNotFoundError: No module named 'airflow.providers.standard'
[2026-02-03T22:21:29.491+0000] {processor.py:842} WARNING - No viable dags retrieved from /opt/airflow/dags/ingest_nyc_taxi.py
[2026-02-03T22:21:29.529+0000] {processor.py:183} INFO - Processing /opt/airflow/dags/ingest_nyc_taxi.py took 0.098 seconds
[2026-02-03T22:22:00.143+0000] {processor.py:161} INFO - Started process (PID=889) to work on /opt/airflow/dags/ingest_nyc_taxi.py
[2026-02-03T22:22:00.145+0000] {processor.py:830} INFO - Processing file /opt/airflow/dags/ingest_nyc_taxi.py for tasks to queue
[2026-02-03T22:22:00.147+0000] {logging_mixin.py:188} INFO - [2026-02-03T22:22:00.147+0000] {dagbag.py:538} INFO - Filling up the DagBag from /opt/airflow/dags/ingest_nyc_taxi.py
[2026-02-03T22:22:00.182+0000] {logging_mixin.py:188} INFO - [2026-02-03T22:22:00.174+0000] {dagbag.py:348} ERROR - Failed to import: /opt/airflow/dags/ingest_nyc_taxi.py
Traceback (most recent call last):
  File "/home/airflow/.local/lib/python3.10/site-packages/airflow/models/dagbag.py", line 344, in parse
    loader.exec_module(new_module)
  File "<frozen importlib._bootstrap_external>", line 883, in exec_module
  File "<frozen importlib._bootstrap>", line 241, in _call_with_frames_removed
  File "/opt/airflow/dags/ingest_nyc_taxi.py", line 1, in <module>
    from airflow.providers.standard.operators.python import PythonOperator
ModuleNotFoundError: No module named 'airflow.providers.standard'
[2026-02-03T22:22:00.185+0000] {processor.py:842} WARNING - No viable dags retrieved from /opt/airflow/dags/ingest_nyc_taxi.py
[2026-02-03T22:22:00.231+0000] {processor.py:183} INFO - Processing /opt/airflow/dags/ingest_nyc_taxi.py took 0.093 seconds
[2026-02-03T22:22:31.114+0000] {processor.py:161} INFO - Started process (PID=907) to work on /opt/airflow/dags/ingest_nyc_taxi.py
[2026-02-03T22:22:31.117+0000] {processor.py:830} INFO - Processing file /opt/airflow/dags/ingest_nyc_taxi.py for tasks to queue
[2026-02-03T22:22:31.119+0000] {logging_mixin.py:188} INFO - [2026-02-03T22:22:31.118+0000] {dagbag.py:538} INFO - Filling up the DagBag from /opt/airflow/dags/ingest_nyc_taxi.py
[2026-02-03T22:22:31.169+0000] {logging_mixin.py:188} INFO - [2026-02-03T22:22:31.157+0000] {dagbag.py:348} ERROR - Failed to import: /opt/airflow/dags/ingest_nyc_taxi.py
Traceback (most recent call last):
  File "/home/airflow/.local/lib/python3.10/site-packages/airflow/models/dagbag.py", line 344, in parse
    loader.exec_module(new_module)
  File "<frozen importlib._bootstrap_external>", line 883, in exec_module
  File "<frozen importlib._bootstrap>", line 241, in _call_with_frames_removed
  File "/opt/airflow/dags/ingest_nyc_taxi.py", line 1, in <module>
    from airflow.providers.standard.operators.python import PythonOperator
ModuleNotFoundError: No module named 'airflow.providers.standard'
[2026-02-03T22:22:31.173+0000] {processor.py:842} WARNING - No viable dags retrieved from /opt/airflow/dags/ingest_nyc_taxi.py
[2026-02-03T22:22:31.230+0000] {processor.py:183} INFO - Processing /opt/airflow/dags/ingest_nyc_taxi.py took 0.122 seconds
[2026-02-03T22:23:01.869+0000] {processor.py:161} INFO - Started process (PID=925) to work on /opt/airflow/dags/ingest_nyc_taxi.py
[2026-02-03T22:23:01.871+0000] {processor.py:830} INFO - Processing file /opt/airflow/dags/ingest_nyc_taxi.py for tasks to queue
[2026-02-03T22:23:01.873+0000] {logging_mixin.py:188} INFO - [2026-02-03T22:23:01.872+0000] {dagbag.py:538} INFO - Filling up the DagBag from /opt/airflow/dags/ingest_nyc_taxi.py
[2026-02-03T22:23:01.912+0000] {logging_mixin.py:188} INFO - [2026-02-03T22:23:01.904+0000] {dagbag.py:348} ERROR - Failed to import: /opt/airflow/dags/ingest_nyc_taxi.py
Traceback (most recent call last):
  File "/home/airflow/.local/lib/python3.10/site-packages/airflow/models/dagbag.py", line 344, in parse
    loader.exec_module(new_module)
  File "<frozen importlib._bootstrap_external>", line 883, in exec_module
  File "<frozen importlib._bootstrap>", line 241, in _call_with_frames_removed
  File "/opt/airflow/dags/ingest_nyc_taxi.py", line 1, in <module>
    from airflow.providers.standard.operators.python import PythonOperator
ModuleNotFoundError: No module named 'airflow.providers.standard'
[2026-02-03T22:23:01.915+0000] {processor.py:842} WARNING - No viable dags retrieved from /opt/airflow/dags/ingest_nyc_taxi.py
[2026-02-03T22:23:01.948+0000] {processor.py:183} INFO - Processing /opt/airflow/dags/ingest_nyc_taxi.py took 0.086 seconds
[2026-02-03T22:59:06.548+0000] {processor.py:186} INFO - Started process (PID=190) to work on /opt/airflow/dags/ingest_nyc_taxi.py
[2026-02-03T22:59:06.550+0000] {processor.py:914} INFO - Processing file /opt/airflow/dags/ingest_nyc_taxi.py for tasks to queue
[2026-02-03T22:59:06.554+0000] {logging_mixin.py:190} INFO - [2026-02-03T22:59:06.554+0000] {dagbag.py:588} INFO - Filling up the DagBag from /opt/airflow/dags/ingest_nyc_taxi.py
[2026-02-03T22:59:06.597+0000] {logging_mixin.py:190} INFO - [2026-02-03T22:59:06.585+0000] {dagbag.py:387} ERROR - Failed to import: /opt/airflow/dags/ingest_nyc_taxi.py
Traceback (most recent call last):
  File "/home/airflow/.local/lib/python3.10/site-packages/airflow/models/dagbag.py", line 383, in parse
    loader.exec_module(new_module)
  File "<frozen importlib._bootstrap_external>", line 883, in exec_module
  File "<frozen importlib._bootstrap>", line 241, in _call_with_frames_removed
  File "/opt/airflow/dags/ingest_nyc_taxi.py", line 1, in <module>
    from airflow.providers.standard.operators.python import PythonOperator
ModuleNotFoundError: No module named 'airflow.providers.standard'
[2026-02-03T22:59:06.598+0000] {processor.py:927} WARNING - No viable dags retrieved from /opt/airflow/dags/ingest_nyc_taxi.py
[2026-02-03T22:59:06.628+0000] {processor.py:208} INFO - Processing /opt/airflow/dags/ingest_nyc_taxi.py took 0.091 seconds
[2026-02-03T22:59:37.095+0000] {processor.py:186} INFO - Started process (PID=210) to work on /opt/airflow/dags/ingest_nyc_taxi.py
[2026-02-03T22:59:37.096+0000] {processor.py:914} INFO - Processing file /opt/airflow/dags/ingest_nyc_taxi.py for tasks to queue
[2026-02-03T22:59:37.099+0000] {logging_mixin.py:190} INFO - [2026-02-03T22:59:37.099+0000] {dagbag.py:588} INFO - Filling up the DagBag from /opt/airflow/dags/ingest_nyc_taxi.py
[2026-02-03T22:59:37.136+0000] {logging_mixin.py:190} INFO - [2026-02-03T22:59:37.129+0000] {dagbag.py:387} ERROR - Failed to import: /opt/airflow/dags/ingest_nyc_taxi.py
Traceback (most recent call last):
  File "/home/airflow/.local/lib/python3.10/site-packages/airflow/models/dagbag.py", line 383, in parse
    loader.exec_module(new_module)
  File "<frozen importlib._bootstrap_external>", line 883, in exec_module
  File "<frozen importlib._bootstrap>", line 241, in _call_with_frames_removed
  File "/opt/airflow/dags/ingest_nyc_taxi.py", line 1, in <module>
    from airflow.providers.standard.operators.python import PythonOperator
ModuleNotFoundError: No module named 'airflow.providers.standard'
[2026-02-03T22:59:37.139+0000] {processor.py:927} WARNING - No viable dags retrieved from /opt/airflow/dags/ingest_nyc_taxi.py
[2026-02-03T22:59:37.167+0000] {processor.py:208} INFO - Processing /opt/airflow/dags/ingest_nyc_taxi.py took 0.079 seconds
[2026-02-03T23:00:07.714+0000] {processor.py:186} INFO - Started process (PID=229) to work on /opt/airflow/dags/ingest_nyc_taxi.py
[2026-02-03T23:00:07.716+0000] {processor.py:914} INFO - Processing file /opt/airflow/dags/ingest_nyc_taxi.py for tasks to queue
[2026-02-03T23:00:07.720+0000] {logging_mixin.py:190} INFO - [2026-02-03T23:00:07.719+0000] {dagbag.py:588} INFO - Filling up the DagBag from /opt/airflow/dags/ingest_nyc_taxi.py
[2026-02-03T23:00:07.786+0000] {logging_mixin.py:190} INFO - [2026-02-03T23:00:07.774+0000] {dagbag.py:387} ERROR - Failed to import: /opt/airflow/dags/ingest_nyc_taxi.py
Traceback (most recent call last):
  File "/home/airflow/.local/lib/python3.10/site-packages/airflow/models/dagbag.py", line 383, in parse
    loader.exec_module(new_module)
  File "<frozen importlib._bootstrap_external>", line 883, in exec_module
  File "<frozen importlib._bootstrap>", line 241, in _call_with_frames_removed
  File "/opt/airflow/dags/ingest_nyc_taxi.py", line 1, in <module>
    from airflow.providers.standard.operators.python import PythonOperator
ModuleNotFoundError: No module named 'airflow.providers.standard'
[2026-02-03T23:00:07.791+0000] {processor.py:927} WARNING - No viable dags retrieved from /opt/airflow/dags/ingest_nyc_taxi.py
[2026-02-03T23:00:07.822+0000] {processor.py:208} INFO - Processing /opt/airflow/dags/ingest_nyc_taxi.py took 0.115 seconds
[2026-02-03T23:00:38.235+0000] {processor.py:186} INFO - Started process (PID=248) to work on /opt/airflow/dags/ingest_nyc_taxi.py
[2026-02-03T23:00:38.237+0000] {processor.py:914} INFO - Processing file /opt/airflow/dags/ingest_nyc_taxi.py for tasks to queue
[2026-02-03T23:00:38.240+0000] {logging_mixin.py:190} INFO - [2026-02-03T23:00:38.240+0000] {dagbag.py:588} INFO - Filling up the DagBag from /opt/airflow/dags/ingest_nyc_taxi.py
[2026-02-03T23:00:38.280+0000] {logging_mixin.py:190} INFO - [2026-02-03T23:00:38.270+0000] {dagbag.py:387} ERROR - Failed to import: /opt/airflow/dags/ingest_nyc_taxi.py
Traceback (most recent call last):
  File "/home/airflow/.local/lib/python3.10/site-packages/airflow/models/dagbag.py", line 383, in parse
    loader.exec_module(new_module)
  File "<frozen importlib._bootstrap_external>", line 883, in exec_module
  File "<frozen importlib._bootstrap>", line 241, in _call_with_frames_removed
  File "/opt/airflow/dags/ingest_nyc_taxi.py", line 1, in <module>
    from airflow.providers.standard.operators.python import PythonOperator
ModuleNotFoundError: No module named 'airflow.providers.standard'
[2026-02-03T23:00:38.283+0000] {processor.py:927} WARNING - No viable dags retrieved from /opt/airflow/dags/ingest_nyc_taxi.py
[2026-02-03T23:00:38.304+0000] {processor.py:208} INFO - Processing /opt/airflow/dags/ingest_nyc_taxi.py took 0.075 seconds
[2026-02-03T23:01:08.852+0000] {processor.py:186} INFO - Started process (PID=267) to work on /opt/airflow/dags/ingest_nyc_taxi.py
[2026-02-03T23:01:08.853+0000] {processor.py:914} INFO - Processing file /opt/airflow/dags/ingest_nyc_taxi.py for tasks to queue
[2026-02-03T23:01:08.858+0000] {logging_mixin.py:190} INFO - [2026-02-03T23:01:08.857+0000] {dagbag.py:588} INFO - Filling up the DagBag from /opt/airflow/dags/ingest_nyc_taxi.py
[2026-02-03T23:01:08.895+0000] {logging_mixin.py:190} INFO - [2026-02-03T23:01:08.887+0000] {dagbag.py:387} ERROR - Failed to import: /opt/airflow/dags/ingest_nyc_taxi.py
Traceback (most recent call last):
  File "/home/airflow/.local/lib/python3.10/site-packages/airflow/models/dagbag.py", line 383, in parse
    loader.exec_module(new_module)
  File "<frozen importlib._bootstrap_external>", line 883, in exec_module
  File "<frozen importlib._bootstrap>", line 241, in _call_with_frames_removed
  File "/opt/airflow/dags/ingest_nyc_taxi.py", line 1, in <module>
    from airflow.providers.standard.operators.python import PythonOperator
ModuleNotFoundError: No module named 'airflow.providers.standard'
[2026-02-03T23:01:08.898+0000] {processor.py:927} WARNING - No viable dags retrieved from /opt/airflow/dags/ingest_nyc_taxi.py
[2026-02-03T23:01:08.928+0000] {processor.py:208} INFO - Processing /opt/airflow/dags/ingest_nyc_taxi.py took 0.086 seconds
[2026-02-03T23:01:39.436+0000] {processor.py:186} INFO - Started process (PID=286) to work on /opt/airflow/dags/ingest_nyc_taxi.py
[2026-02-03T23:01:39.438+0000] {processor.py:914} INFO - Processing file /opt/airflow/dags/ingest_nyc_taxi.py for tasks to queue
[2026-02-03T23:01:39.443+0000] {logging_mixin.py:190} INFO - [2026-02-03T23:01:39.442+0000] {dagbag.py:588} INFO - Filling up the DagBag from /opt/airflow/dags/ingest_nyc_taxi.py
[2026-02-03T23:01:39.492+0000] {logging_mixin.py:190} INFO - [2026-02-03T23:01:39.481+0000] {dagbag.py:387} ERROR - Failed to import: /opt/airflow/dags/ingest_nyc_taxi.py
Traceback (most recent call last):
  File "/home/airflow/.local/lib/python3.10/site-packages/airflow/models/dagbag.py", line 383, in parse
    loader.exec_module(new_module)
  File "<frozen importlib._bootstrap_external>", line 883, in exec_module
  File "<frozen importlib._bootstrap>", line 241, in _call_with_frames_removed
  File "/opt/airflow/dags/ingest_nyc_taxi.py", line 1, in <module>
    from airflow.providers.standard.operators.python import PythonOperator
ModuleNotFoundError: No module named 'airflow.providers.standard'
[2026-02-03T23:01:39.494+0000] {processor.py:927} WARNING - No viable dags retrieved from /opt/airflow/dags/ingest_nyc_taxi.py
[2026-02-03T23:01:39.516+0000] {processor.py:208} INFO - Processing /opt/airflow/dags/ingest_nyc_taxi.py took 0.092 seconds
[2026-02-03T23:02:10.074+0000] {processor.py:186} INFO - Started process (PID=305) to work on /opt/airflow/dags/ingest_nyc_taxi.py
[2026-02-03T23:02:10.075+0000] {processor.py:914} INFO - Processing file /opt/airflow/dags/ingest_nyc_taxi.py for tasks to queue
[2026-02-03T23:02:10.078+0000] {logging_mixin.py:190} INFO - [2026-02-03T23:02:10.078+0000] {dagbag.py:588} INFO - Filling up the DagBag from /opt/airflow/dags/ingest_nyc_taxi.py
[2026-02-03T23:02:10.129+0000] {logging_mixin.py:190} INFO - [2026-02-03T23:02:10.117+0000] {dagbag.py:387} ERROR - Failed to import: /opt/airflow/dags/ingest_nyc_taxi.py
Traceback (most recent call last):
  File "/home/airflow/.local/lib/python3.10/site-packages/airflow/models/dagbag.py", line 383, in parse
    loader.exec_module(new_module)
  File "<frozen importlib._bootstrap_external>", line 883, in exec_module
  File "<frozen importlib._bootstrap>", line 241, in _call_with_frames_removed
  File "/opt/airflow/dags/ingest_nyc_taxi.py", line 1, in <module>
    from airflow.providers.standard.operators.python import PythonOperator
ModuleNotFoundError: No module named 'airflow.providers.standard'
[2026-02-03T23:02:10.133+0000] {processor.py:927} WARNING - No viable dags retrieved from /opt/airflow/dags/ingest_nyc_taxi.py
[2026-02-03T23:02:10.156+0000] {processor.py:208} INFO - Processing /opt/airflow/dags/ingest_nyc_taxi.py took 0.088 seconds
[2026-02-03T23:02:40.719+0000] {processor.py:186} INFO - Started process (PID=323) to work on /opt/airflow/dags/ingest_nyc_taxi.py
[2026-02-03T23:02:40.720+0000] {processor.py:914} INFO - Processing file /opt/airflow/dags/ingest_nyc_taxi.py for tasks to queue
[2026-02-03T23:02:40.723+0000] {logging_mixin.py:190} INFO - [2026-02-03T23:02:40.722+0000] {dagbag.py:588} INFO - Filling up the DagBag from /opt/airflow/dags/ingest_nyc_taxi.py
[2026-02-03T23:02:40.758+0000] {logging_mixin.py:190} INFO - [2026-02-03T23:02:40.751+0000] {dagbag.py:387} ERROR - Failed to import: /opt/airflow/dags/ingest_nyc_taxi.py
Traceback (most recent call last):
  File "/home/airflow/.local/lib/python3.10/site-packages/airflow/models/dagbag.py", line 383, in parse
    loader.exec_module(new_module)
  File "<frozen importlib._bootstrap_external>", line 883, in exec_module
  File "<frozen importlib._bootstrap>", line 241, in _call_with_frames_removed
  File "/opt/airflow/dags/ingest_nyc_taxi.py", line 1, in <module>
    from airflow.providers.standard.operators.python import PythonOperator
ModuleNotFoundError: No module named 'airflow.providers.standard'
[2026-02-03T23:02:40.761+0000] {processor.py:927} WARNING - No viable dags retrieved from /opt/airflow/dags/ingest_nyc_taxi.py
[2026-02-03T23:02:40.783+0000] {processor.py:208} INFO - Processing /opt/airflow/dags/ingest_nyc_taxi.py took 0.071 seconds
[2026-02-03T23:03:11.399+0000] {processor.py:186} INFO - Started process (PID=334) to work on /opt/airflow/dags/ingest_nyc_taxi.py
[2026-02-03T23:03:11.402+0000] {processor.py:914} INFO - Processing file /opt/airflow/dags/ingest_nyc_taxi.py for tasks to queue
[2026-02-03T23:03:11.406+0000] {logging_mixin.py:190} INFO - [2026-02-03T23:03:11.405+0000] {dagbag.py:588} INFO - Filling up the DagBag from /opt/airflow/dags/ingest_nyc_taxi.py
[2026-02-03T23:03:11.465+0000] {logging_mixin.py:190} INFO - [2026-02-03T23:03:11.451+0000] {dagbag.py:387} ERROR - Failed to import: /opt/airflow/dags/ingest_nyc_taxi.py
Traceback (most recent call last):
  File "/home/airflow/.local/lib/python3.10/site-packages/airflow/models/dagbag.py", line 383, in parse
    loader.exec_module(new_module)
  File "<frozen importlib._bootstrap_external>", line 883, in exec_module
  File "<frozen importlib._bootstrap>", line 241, in _call_with_frames_removed
  File "/opt/airflow/dags/ingest_nyc_taxi.py", line 1, in <module>
    from airflow.providers.standard.operators.python import PythonOperator
ModuleNotFoundError: No module named 'airflow.providers.standard'
[2026-02-03T23:03:11.471+0000] {processor.py:927} WARNING - No viable dags retrieved from /opt/airflow/dags/ingest_nyc_taxi.py
[2026-02-03T23:03:11.507+0000] {processor.py:208} INFO - Processing /opt/airflow/dags/ingest_nyc_taxi.py took 0.114 seconds
[2026-02-03T23:03:42.073+0000] {processor.py:186} INFO - Started process (PID=353) to work on /opt/airflow/dags/ingest_nyc_taxi.py
[2026-02-03T23:03:42.074+0000] {processor.py:914} INFO - Processing file /opt/airflow/dags/ingest_nyc_taxi.py for tasks to queue
[2026-02-03T23:03:42.078+0000] {logging_mixin.py:190} INFO - [2026-02-03T23:03:42.078+0000] {dagbag.py:588} INFO - Filling up the DagBag from /opt/airflow/dags/ingest_nyc_taxi.py
[2026-02-03T23:03:42.137+0000] {logging_mixin.py:190} INFO - [2026-02-03T23:03:42.124+0000] {dagbag.py:387} ERROR - Failed to import: /opt/airflow/dags/ingest_nyc_taxi.py
Traceback (most recent call last):
  File "/home/airflow/.local/lib/python3.10/site-packages/airflow/models/dagbag.py", line 383, in parse
    loader.exec_module(new_module)
  File "<frozen importlib._bootstrap_external>", line 883, in exec_module
  File "<frozen importlib._bootstrap>", line 241, in _call_with_frames_removed
  File "/opt/airflow/dags/ingest_nyc_taxi.py", line 1, in <module>
    from airflow.providers.standard.operators.python import PythonOperator
ModuleNotFoundError: No module named 'airflow.providers.standard'
[2026-02-03T23:03:42.144+0000] {processor.py:927} WARNING - No viable dags retrieved from /opt/airflow/dags/ingest_nyc_taxi.py
[2026-02-03T23:03:42.174+0000] {processor.py:208} INFO - Processing /opt/airflow/dags/ingest_nyc_taxi.py took 0.110 seconds
[2026-02-03T23:04:12.931+0000] {processor.py:186} INFO - Started process (PID=372) to work on /opt/airflow/dags/ingest_nyc_taxi.py
[2026-02-03T23:04:12.932+0000] {processor.py:914} INFO - Processing file /opt/airflow/dags/ingest_nyc_taxi.py for tasks to queue
[2026-02-03T23:04:12.936+0000] {logging_mixin.py:190} INFO - [2026-02-03T23:04:12.936+0000] {dagbag.py:588} INFO - Filling up the DagBag from /opt/airflow/dags/ingest_nyc_taxi.py
[2026-02-03T23:04:12.979+0000] {logging_mixin.py:190} INFO - [2026-02-03T23:04:12.971+0000] {dagbag.py:387} ERROR - Failed to import: /opt/airflow/dags/ingest_nyc_taxi.py
Traceback (most recent call last):
  File "/home/airflow/.local/lib/python3.10/site-packages/airflow/models/dagbag.py", line 383, in parse
    loader.exec_module(new_module)
  File "<frozen importlib._bootstrap_external>", line 883, in exec_module
  File "<frozen importlib._bootstrap>", line 241, in _call_with_frames_removed
  File "/opt/airflow/dags/ingest_nyc_taxi.py", line 1, in <module>
    from airflow.providers.standard.operators.python import PythonOperator
ModuleNotFoundError: No module named 'airflow.providers.standard'
[2026-02-03T23:04:12.984+0000] {processor.py:927} WARNING - No viable dags retrieved from /opt/airflow/dags/ingest_nyc_taxi.py
[2026-02-03T23:04:13.010+0000] {processor.py:208} INFO - Processing /opt/airflow/dags/ingest_nyc_taxi.py took 0.087 seconds
[2026-02-03T23:04:43.647+0000] {processor.py:186} INFO - Started process (PID=392) to work on /opt/airflow/dags/ingest_nyc_taxi.py
[2026-02-03T23:04:43.648+0000] {processor.py:914} INFO - Processing file /opt/airflow/dags/ingest_nyc_taxi.py for tasks to queue
[2026-02-03T23:04:43.652+0000] {logging_mixin.py:190} INFO - [2026-02-03T23:04:43.652+0000] {dagbag.py:588} INFO - Filling up the DagBag from /opt/airflow/dags/ingest_nyc_taxi.py
[2026-02-03T23:04:43.715+0000] {logging_mixin.py:190} INFO - [2026-02-03T23:04:43.702+0000] {dagbag.py:387} ERROR - Failed to import: /opt/airflow/dags/ingest_nyc_taxi.py
Traceback (most recent call last):
  File "/home/airflow/.local/lib/python3.10/site-packages/airflow/models/dagbag.py", line 383, in parse
    loader.exec_module(new_module)
  File "<frozen importlib._bootstrap_external>", line 883, in exec_module
  File "<frozen importlib._bootstrap>", line 241, in _call_with_frames_removed
  File "/opt/airflow/dags/ingest_nyc_taxi.py", line 1, in <module>
    from airflow.providers.standard.operators.python import PythonOperator
ModuleNotFoundError: No module named 'airflow.providers.standard'
[2026-02-03T23:04:43.720+0000] {processor.py:927} WARNING - No viable dags retrieved from /opt/airflow/dags/ingest_nyc_taxi.py
[2026-02-03T23:04:43.755+0000] {processor.py:208} INFO - Processing /opt/airflow/dags/ingest_nyc_taxi.py took 0.115 seconds
[2026-02-03T23:05:14.303+0000] {processor.py:186} INFO - Started process (PID=411) to work on /opt/airflow/dags/ingest_nyc_taxi.py
[2026-02-03T23:05:14.306+0000] {processor.py:914} INFO - Processing file /opt/airflow/dags/ingest_nyc_taxi.py for tasks to queue
[2026-02-03T23:05:14.310+0000] {logging_mixin.py:190} INFO - [2026-02-03T23:05:14.310+0000] {dagbag.py:588} INFO - Filling up the DagBag from /opt/airflow/dags/ingest_nyc_taxi.py
[2026-02-03T23:05:14.377+0000] {logging_mixin.py:190} INFO - [2026-02-03T23:05:14.364+0000] {dagbag.py:387} ERROR - Failed to import: /opt/airflow/dags/ingest_nyc_taxi.py
Traceback (most recent call last):
  File "/home/airflow/.local/lib/python3.10/site-packages/airflow/models/dagbag.py", line 383, in parse
    loader.exec_module(new_module)
  File "<frozen importlib._bootstrap_external>", line 883, in exec_module
  File "<frozen importlib._bootstrap>", line 241, in _call_with_frames_removed
  File "/opt/airflow/dags/ingest_nyc_taxi.py", line 1, in <module>
    from airflow.providers.standard.operators.python import PythonOperator
ModuleNotFoundError: No module named 'airflow.providers.standard'
[2026-02-03T23:05:14.382+0000] {processor.py:927} WARNING - No viable dags retrieved from /opt/airflow/dags/ingest_nyc_taxi.py
[2026-02-03T23:05:14.409+0000] {processor.py:208} INFO - Processing /opt/airflow/dags/ingest_nyc_taxi.py took 0.112 seconds
[2026-02-03T23:05:44.939+0000] {processor.py:186} INFO - Started process (PID=430) to work on /opt/airflow/dags/ingest_nyc_taxi.py
[2026-02-03T23:05:44.940+0000] {processor.py:914} INFO - Processing file /opt/airflow/dags/ingest_nyc_taxi.py for tasks to queue
[2026-02-03T23:05:44.944+0000] {logging_mixin.py:190} INFO - [2026-02-03T23:05:44.944+0000] {dagbag.py:588} INFO - Filling up the DagBag from /opt/airflow/dags/ingest_nyc_taxi.py
[2026-02-03T23:05:44.989+0000] {logging_mixin.py:190} INFO - [2026-02-03T23:05:44.979+0000] {dagbag.py:387} ERROR - Failed to import: /opt/airflow/dags/ingest_nyc_taxi.py
Traceback (most recent call last):
  File "/home/airflow/.local/lib/python3.10/site-packages/airflow/models/dagbag.py", line 383, in parse
    loader.exec_module(new_module)
  File "<frozen importlib._bootstrap_external>", line 883, in exec_module
  File "<frozen importlib._bootstrap>", line 241, in _call_with_frames_removed
  File "/opt/airflow/dags/ingest_nyc_taxi.py", line 1, in <module>
    from airflow.providers.standard.operators.python import PythonOperator
ModuleNotFoundError: No module named 'airflow.providers.standard'
[2026-02-03T23:05:44.992+0000] {processor.py:927} WARNING - No viable dags retrieved from /opt/airflow/dags/ingest_nyc_taxi.py
[2026-02-03T23:05:45.014+0000] {processor.py:208} INFO - Processing /opt/airflow/dags/ingest_nyc_taxi.py took 0.081 seconds
[2026-02-03T23:06:15.673+0000] {processor.py:186} INFO - Started process (PID=449) to work on /opt/airflow/dags/ingest_nyc_taxi.py
[2026-02-03T23:06:15.675+0000] {processor.py:914} INFO - Processing file /opt/airflow/dags/ingest_nyc_taxi.py for tasks to queue
[2026-02-03T23:06:15.678+0000] {logging_mixin.py:190} INFO - [2026-02-03T23:06:15.678+0000] {dagbag.py:588} INFO - Filling up the DagBag from /opt/airflow/dags/ingest_nyc_taxi.py
[2026-02-03T23:06:15.737+0000] {logging_mixin.py:190} INFO - [2026-02-03T23:06:15.725+0000] {dagbag.py:387} ERROR - Failed to import: /opt/airflow/dags/ingest_nyc_taxi.py
Traceback (most recent call last):
  File "/home/airflow/.local/lib/python3.10/site-packages/airflow/models/dagbag.py", line 383, in parse
    loader.exec_module(new_module)
  File "<frozen importlib._bootstrap_external>", line 883, in exec_module
  File "<frozen importlib._bootstrap>", line 241, in _call_with_frames_removed
  File "/opt/airflow/dags/ingest_nyc_taxi.py", line 1, in <module>
    from airflow.providers.standard.operators.python import PythonOperator
ModuleNotFoundError: No module named 'airflow.providers.standard'
[2026-02-03T23:06:15.741+0000] {processor.py:927} WARNING - No viable dags retrieved from /opt/airflow/dags/ingest_nyc_taxi.py
[2026-02-03T23:06:15.771+0000] {processor.py:208} INFO - Processing /opt/airflow/dags/ingest_nyc_taxi.py took 0.105 seconds
[2026-02-03T23:06:46.232+0000] {processor.py:186} INFO - Started process (PID=468) to work on /opt/airflow/dags/ingest_nyc_taxi.py
[2026-02-03T23:06:46.234+0000] {processor.py:914} INFO - Processing file /opt/airflow/dags/ingest_nyc_taxi.py for tasks to queue
[2026-02-03T23:06:46.243+0000] {logging_mixin.py:190} INFO - [2026-02-03T23:06:46.242+0000] {dagbag.py:588} INFO - Filling up the DagBag from /opt/airflow/dags/ingest_nyc_taxi.py
[2026-02-03T23:06:46.304+0000] {logging_mixin.py:190} INFO - [2026-02-03T23:06:46.292+0000] {dagbag.py:387} ERROR - Failed to import: /opt/airflow/dags/ingest_nyc_taxi.py
Traceback (most recent call last):
  File "/home/airflow/.local/lib/python3.10/site-packages/airflow/models/dagbag.py", line 383, in parse
    loader.exec_module(new_module)
  File "<frozen importlib._bootstrap_external>", line 883, in exec_module
  File "<frozen importlib._bootstrap>", line 241, in _call_with_frames_removed
  File "/opt/airflow/dags/ingest_nyc_taxi.py", line 1, in <module>
    from airflow.providers.standard.operators.python import PythonOperator
ModuleNotFoundError: No module named 'airflow.providers.standard'
[2026-02-03T23:06:46.309+0000] {processor.py:927} WARNING - No viable dags retrieved from /opt/airflow/dags/ingest_nyc_taxi.py
[2026-02-03T23:06:46.335+0000] {processor.py:208} INFO - Processing /opt/airflow/dags/ingest_nyc_taxi.py took 0.110 seconds
