[2026-02-03T20:42:50.939+0000] {manager.py:469} INFO - Processing files using up to 2 processes at a time 
[2026-02-03T20:42:50.941+0000] {manager.py:470} INFO - Process each file at most once every 30 seconds
[2026-02-03T20:42:50.943+0000] {manager.py:471} INFO - Checking for new files in /opt/airflow/dags every 300 seconds
[2026-02-03T20:42:50.944+0000] {manager.py:738} INFO - Searching for files in /opt/airflow/dags
[2026-02-03T20:42:50.950+0000] {manager.py:741} INFO - There are 0 files in /opt/airflow/dags
[2026-02-03T20:47:51.002+0000] {manager.py:738} INFO - Searching for files in /opt/airflow/dags
[2026-02-03T20:47:51.008+0000] {manager.py:741} INFO - There are 0 files in /opt/airflow/dags
[2026-02-03T20:52:51.090+0000] {manager.py:738} INFO - Searching for files in /opt/airflow/dags
[2026-02-03T20:52:51.097+0000] {manager.py:741} INFO - There are 0 files in /opt/airflow/dags
[2026-02-03T20:57:51.261+0000] {manager.py:738} INFO - Searching for files in /opt/airflow/dags
[2026-02-03T20:57:51.263+0000] {manager.py:741} INFO - There are 0 files in /opt/airflow/dags
[2026-02-03T21:02:51.317+0000] {manager.py:738} INFO - Searching for files in /opt/airflow/dags
[2026-02-03T21:02:51.319+0000] {manager.py:741} INFO - There are 0 files in /opt/airflow/dags
[2026-02-03T21:07:51.666+0000] {manager.py:738} INFO - Searching for files in /opt/airflow/dags
[2026-02-03T21:07:51.667+0000] {manager.py:741} INFO - There are 0 files in /opt/airflow/dags
[2026-02-03T21:09:05.589+0000] {manager.py:469} INFO - Processing files using up to 2 processes at a time 
[2026-02-03T21:09:05.590+0000] {manager.py:470} INFO - Process each file at most once every 30 seconds
[2026-02-03T21:09:05.592+0000] {manager.py:471} INFO - Checking for new files in /opt/airflow/dags every 300 seconds
[2026-02-03T21:09:05.593+0000] {manager.py:738} INFO - Searching for files in /opt/airflow/dags
[2026-02-03T21:09:05.599+0000] {manager.py:741} INFO - There are 0 files in /opt/airflow/dags
[2026-02-03T21:14:05.746+0000] {manager.py:738} INFO - Searching for files in /opt/airflow/dags
[2026-02-03T21:14:05.756+0000] {manager.py:741} INFO - There are 0 files in /opt/airflow/dags
[2026-02-03T21:19:05.972+0000] {manager.py:738} INFO - Searching for files in /opt/airflow/dags
[2026-02-03T21:19:05.978+0000] {manager.py:741} INFO - There are 0 files in /opt/airflow/dags
[2026-02-03T21:24:06.002+0000] {manager.py:738} INFO - Searching for files in /opt/airflow/dags
[2026-02-03T21:24:06.008+0000] {manager.py:741} INFO - There are 0 files in /opt/airflow/dags
[2026-02-03T21:41:23.025+0000] {manager.py:469} INFO - Processing files using up to 2 processes at a time 
[2026-02-03T21:41:23.027+0000] {manager.py:470} INFO - Process each file at most once every 30 seconds
[2026-02-03T21:41:23.028+0000] {manager.py:471} INFO - Checking for new files in /opt/airflow/dags every 300 seconds
[2026-02-03T21:41:23.030+0000] {manager.py:738} INFO - Searching for files in /opt/airflow/dags
[2026-02-03T21:41:23.048+0000] {manager.py:741} INFO - There are 2 files in /opt/airflow/dags
[2026-02-03T21:41:23.181+0000] {manager.py:879} INFO - 
================================================================================
DAG File Processing Stats

File Path                                PID  Runtime      # DAGs    # Errors  Last Runtime    Last Run
-------------------------------------  -----  ---------  --------  ----------  --------------  ----------
/opt/airflow/dags/analyze_nyc_taxi.py    236  0.07s             0           0
/opt/airflow/dags/ingest_nyc_taxi.py     239  0.05s             0           0
================================================================================
[2026-02-03T21:41:53.695+0000] {manager.py:879} INFO - 
================================================================================
DAG File Processing Stats

File Path                                PID  Runtime      # DAGs    # Errors  Last Runtime    Last Run
-------------------------------------  -----  ---------  --------  ----------  --------------  -------------------
/opt/airflow/dags/analyze_nyc_taxi.py    254  0.05s             0           1  0.11s           2026-02-03T21:41:23
/opt/airflow/dags/ingest_nyc_taxi.py     257  0.01s             0           1  0.10s           2026-02-03T21:41:23
================================================================================
[2026-02-03T21:42:24.144+0000] {manager.py:879} INFO - 
================================================================================
DAG File Processing Stats

File Path                                PID  Runtime      # DAGs    # Errors  Last Runtime    Last Run
-------------------------------------  -----  ---------  --------  ----------  --------------  -------------------
/opt/airflow/dags/analyze_nyc_taxi.py    272  0.04s             0           1  0.18s           2026-02-03T21:41:53
/opt/airflow/dags/ingest_nyc_taxi.py     275  0.01s             0           1  0.15s           2026-02-03T21:41:53
================================================================================
[2026-02-03T21:42:54.554+0000] {manager.py:879} INFO - 
================================================================================
DAG File Processing Stats

File Path                                PID  Runtime      # DAGs    # Errors  Last Runtime    Last Run
-------------------------------------  -----  ---------  --------  ----------  --------------  -------------------
/opt/airflow/dags/analyze_nyc_taxi.py    290  0.04s             0           1  0.15s           2026-02-03T21:42:24
/opt/airflow/dags/ingest_nyc_taxi.py     293  0.01s             0           1  0.12s           2026-02-03T21:42:24
================================================================================
[2026-02-03T21:42:56.594+0000] {manager.py:1129} WARNING - Skipping processing of missing file: /opt/airflow/dags/analyze_nyc_taxi.py
[2026-02-03T21:43:08.908+0000] {manager.py:451} INFO - Exiting gracefully upon receiving signal 15
[2026-02-03T21:44:00.515+0000] {manager.py:469} INFO - Processing files using up to 2 processes at a time 
[2026-02-03T21:44:00.517+0000] {manager.py:470} INFO - Process each file at most once every 30 seconds
[2026-02-03T21:44:00.518+0000] {manager.py:471} INFO - Checking for new files in /opt/airflow/dags every 300 seconds
[2026-02-03T21:44:00.520+0000] {manager.py:738} INFO - Searching for files in /opt/airflow/dags
[2026-02-03T21:44:00.562+0000] {manager.py:741} INFO - There are 1 files in /opt/airflow/dags
[2026-02-03T21:44:00.807+0000] {manager.py:879} INFO - 
================================================================================
DAG File Processing Stats

File Path                               PID  Runtime      # DAGs    # Errors  Last Runtime    Last Run
------------------------------------  -----  ---------  --------  ----------  --------------  ----------
/opt/airflow/dags/ingest_nyc_taxi.py    184  0.18s             0           0
================================================================================
[2026-02-03T21:44:31.105+0000] {manager.py:879} INFO - 
================================================================================
DAG File Processing Stats

File Path                               PID  Runtime      # DAGs    # Errors  Last Runtime    Last Run
------------------------------------  -----  ---------  --------  ----------  --------------  -------------------
/opt/airflow/dags/ingest_nyc_taxi.py    197  0.00s             0           1  0.26s           2026-02-03T21:44:00
================================================================================
[2026-02-03T21:45:01.425+0000] {manager.py:879} INFO - 
================================================================================
DAG File Processing Stats

File Path                               PID  Runtime      # DAGs    # Errors  Last Runtime    Last Run
------------------------------------  -----  ---------  --------  ----------  --------------  -------------------
/opt/airflow/dags/ingest_nyc_taxi.py    210  0.00s             0           1  0.08s           2026-02-03T21:44:31
================================================================================
[2026-02-03T21:45:31.720+0000] {manager.py:879} INFO - 
================================================================================
DAG File Processing Stats

File Path                               PID  Runtime      # DAGs    # Errors  Last Runtime    Last Run
------------------------------------  -----  ---------  --------  ----------  --------------  -------------------
/opt/airflow/dags/ingest_nyc_taxi.py    223  0.00s             0           1  0.13s           2026-02-03T21:45:01
================================================================================
[2026-02-03T21:46:01.791+0000] {manager.py:451} INFO - Exiting gracefully upon receiving signal 15
[2026-02-03T21:48:38.041+0000] {manager.py:469} INFO - Processing files using up to 2 processes at a time 
[2026-02-03T21:48:38.043+0000] {manager.py:470} INFO - Process each file at most once every 30 seconds
[2026-02-03T21:48:38.044+0000] {manager.py:471} INFO - Checking for new files in /opt/airflow/dags every 300 seconds
[2026-02-03T21:48:38.045+0000] {manager.py:738} INFO - Searching for files in /opt/airflow/dags
[2026-02-03T21:48:38.066+0000] {manager.py:741} INFO - There are 1 files in /opt/airflow/dags
[2026-02-03T21:48:38.159+0000] {manager.py:879} INFO - 
================================================================================
DAG File Processing Stats

File Path                               PID  Runtime      # DAGs    # Errors  Last Runtime    Last Run
------------------------------------  -----  ---------  --------  ----------  --------------  ----------
/opt/airflow/dags/ingest_nyc_taxi.py    184  0.04s             0           0
================================================================================
[2026-02-03T21:49:08.373+0000] {manager.py:879} INFO - 
================================================================================
DAG File Processing Stats

File Path                             PID    Runtime      # DAGs    # Errors  Last Runtime    Last Run
------------------------------------  -----  ---------  --------  ----------  --------------  -------------------
/opt/airflow/dags/ingest_nyc_taxi.py                           1           0  0.42s           2026-02-03T21:48:38
================================================================================
[2026-02-03T21:49:39.116+0000] {manager.py:879} INFO - 
================================================================================
DAG File Processing Stats

File Path                               PID  Runtime      # DAGs    # Errors  Last Runtime    Last Run
------------------------------------  -----  ---------  --------  ----------  --------------  -------------------
/opt/airflow/dags/ingest_nyc_taxi.py    264  0.00s             1           0  0.22s           2026-02-03T21:49:08
================================================================================
[2026-02-03T21:50:09.646+0000] {manager.py:879} INFO - 
================================================================================
DAG File Processing Stats

File Path                               PID  Runtime      # DAGs    # Errors  Last Runtime    Last Run
------------------------------------  -----  ---------  --------  ----------  --------------  -------------------
/opt/airflow/dags/ingest_nyc_taxi.py    304  0.00s             1           0  0.17s           2026-02-03T21:49:39
================================================================================
[2026-02-03T21:50:39.922+0000] {manager.py:879} INFO - 
================================================================================
DAG File Processing Stats

File Path                               PID  Runtime      # DAGs    # Errors  Last Runtime    Last Run
------------------------------------  -----  ---------  --------  ----------  --------------  -------------------
/opt/airflow/dags/ingest_nyc_taxi.py    373  0.00s             1           0  0.17s           2026-02-03T21:50:09
================================================================================
[2026-02-03T21:51:04.616+0000] {manager.py:1129} WARNING - Skipping processing of missing file: /opt/airflow/dags/ingest_nyc_taxi.py
[2026-02-03T21:53:29.863+0000] {manager.py:469} INFO - Processing files using up to 2 processes at a time 
[2026-02-03T21:53:29.864+0000] {manager.py:470} INFO - Process each file at most once every 30 seconds
[2026-02-03T21:53:29.866+0000] {manager.py:471} INFO - Checking for new files in /opt/airflow/dags every 300 seconds
[2026-02-03T21:53:29.867+0000] {manager.py:738} INFO - Searching for files in /opt/airflow/dags
[2026-02-03T21:53:29.883+0000] {manager.py:741} INFO - There are 0 files in /opt/airflow/dags
[2026-02-03T21:58:30.284+0000] {manager.py:738} INFO - Searching for files in /opt/airflow/dags
[2026-02-03T21:58:30.327+0000] {manager.py:741} INFO - There are 0 files in /opt/airflow/dags
[2026-02-03T22:03:30.839+0000] {manager.py:738} INFO - Searching for files in /opt/airflow/dags
[2026-02-03T22:03:30.903+0000] {manager.py:741} INFO - There are 0 files in /opt/airflow/dags
[2026-02-03T22:05:32.536+0000] {manager.py:451} INFO - Exiting gracefully upon receiving signal 15
[2026-02-03T22:09:09.170+0000] {manager.py:469} INFO - Processing files using up to 2 processes at a time 
[2026-02-03T22:09:09.175+0000] {manager.py:470} INFO - Process each file at most once every 30 seconds
[2026-02-03T22:09:09.190+0000] {manager.py:471} INFO - Checking for new files in /opt/airflow/dags every 300 seconds
[2026-02-03T22:09:09.195+0000] {manager.py:738} INFO - Searching for files in /opt/airflow/dags
[2026-02-03T22:09:09.420+0000] {manager.py:741} INFO - There are 1 files in /opt/airflow/dags
[2026-02-03T22:09:09.633+0000] {manager.py:879} INFO - 
================================================================================
DAG File Processing Stats

File Path                               PID  Runtime      # DAGs    # Errors  Last Runtime    Last Run
------------------------------------  -----  ---------  --------  ----------  --------------  ----------
/opt/airflow/dags/ingest_nyc_taxi.py    184  0.05s             0           0
================================================================================
[2026-02-03T22:09:40.345+0000] {manager.py:879} INFO - 
================================================================================
DAG File Processing Stats

File Path                               PID  Runtime      # DAGs    # Errors  Last Runtime    Last Run
------------------------------------  -----  ---------  --------  ----------  --------------  -------------------
/opt/airflow/dags/ingest_nyc_taxi.py    197  0.00s             0           1  0.24s           2026-02-03T22:09:09
================================================================================
[2026-02-03T22:10:10.878+0000] {manager.py:879} INFO - 
================================================================================
DAG File Processing Stats

File Path                               PID  Runtime      # DAGs    # Errors  Last Runtime    Last Run
------------------------------------  -----  ---------  --------  ----------  --------------  -------------------
/opt/airflow/dags/ingest_nyc_taxi.py    210  0.01s             0           1  0.21s           2026-02-03T22:09:40
================================================================================
[2026-02-03T22:10:41.439+0000] {manager.py:879} INFO - 
================================================================================
DAG File Processing Stats

File Path                               PID  Runtime      # DAGs    # Errors  Last Runtime    Last Run
------------------------------------  -----  ---------  --------  ----------  --------------  -------------------
/opt/airflow/dags/ingest_nyc_taxi.py    223  0.01s             0           1  0.14s           2026-02-03T22:10:11
================================================================================
[2026-02-03T22:11:11.776+0000] {manager.py:879} INFO - 
================================================================================
DAG File Processing Stats

File Path                               PID  Runtime      # DAGs    # Errors  Last Runtime    Last Run
------------------------------------  -----  ---------  --------  ----------  --------------  -------------------
/opt/airflow/dags/ingest_nyc_taxi.py    236  0.01s             0           1  0.15s           2026-02-03T22:10:41
================================================================================
[2026-02-03T22:11:30.025+0000] {manager.py:1129} WARNING - Skipping processing of missing file: /opt/airflow/dags/ingest_nyc_taxi.py
[2026-02-03T22:13:11.027+0000] {manager.py:451} INFO - Exiting gracefully upon receiving signal 15
[2026-02-03T22:13:19.686+0000] {manager.py:469} INFO - Processing files using up to 2 processes at a time 
[2026-02-03T22:13:19.688+0000] {manager.py:470} INFO - Process each file at most once every 30 seconds
[2026-02-03T22:13:19.690+0000] {manager.py:471} INFO - Checking for new files in /opt/airflow/dags every 300 seconds
[2026-02-03T22:13:19.691+0000] {manager.py:738} INFO - Searching for files in /opt/airflow/dags
[2026-02-03T22:13:19.744+0000] {manager.py:741} INFO - There are 2 files in /opt/airflow/dags
[2026-02-03T22:13:19.988+0000] {manager.py:879} INFO - 
================================================================================
DAG File Processing Stats

File Path                                PID  Runtime      # DAGs    # Errors  Last Runtime    Last Run
-------------------------------------  -----  ---------  --------  ----------  --------------  ----------
/opt/airflow/dags/analyze_nyc_taxi.py    184  0.13s             0           0
/opt/airflow/dags/ingest_nyc_taxi.py     187  0.07s             0           0
================================================================================
[2026-02-03T22:13:50.382+0000] {manager.py:879} INFO - 
================================================================================
DAG File Processing Stats

File Path                                PID  Runtime      # DAGs    # Errors  Last Runtime    Last Run
-------------------------------------  -----  ---------  --------  ----------  --------------  -------------------
/opt/airflow/dags/analyze_nyc_taxi.py    262  0.03s             0           1  0.33s           2026-02-03T22:13:20
/opt/airflow/dags/ingest_nyc_taxi.py     265  0.01s             0           1  0.22s           2026-02-03T22:13:20
================================================================================
[2026-02-03T22:14:21.146+0000] {manager.py:879} INFO - 
================================================================================
DAG File Processing Stats

File Path                                PID  Runtime      # DAGs    # Errors  Last Runtime    Last Run
-------------------------------------  -----  ---------  --------  ----------  --------------  -------------------
/opt/airflow/dags/analyze_nyc_taxi.py    307  0.03s             0           1  0.16s           2026-02-03T22:13:50
/opt/airflow/dags/ingest_nyc_taxi.py     310  0.00s             0           1  0.11s           2026-02-03T22:13:50
================================================================================
[2026-02-03T22:14:51.730+0000] {manager.py:879} INFO - 
================================================================================
DAG File Processing Stats

File Path                                PID  Runtime      # DAGs    # Errors  Last Runtime    Last Run
-------------------------------------  -----  ---------  --------  ----------  --------------  -------------------
/opt/airflow/dags/analyze_nyc_taxi.py    352  0.03s             0           1  0.17s           2026-02-03T22:14:21
/opt/airflow/dags/ingest_nyc_taxi.py     355  0.01s             0           1  0.12s           2026-02-03T22:14:21
================================================================================
[2026-02-03T22:15:22.022+0000] {manager.py:879} INFO - 
================================================================================
DAG File Processing Stats

File Path                                PID  Runtime      # DAGs    # Errors  Last Runtime    Last Run
-------------------------------------  -----  ---------  --------  ----------  --------------  -------------------
/opt/airflow/dags/analyze_nyc_taxi.py    397  0.05s             0           1  0.16s           2026-02-03T22:14:51
/opt/airflow/dags/ingest_nyc_taxi.py     400  0.01s             0           1  0.10s           2026-02-03T22:14:51
================================================================================
[2026-02-03T22:15:52.621+0000] {manager.py:879} INFO - 
================================================================================
DAG File Processing Stats

File Path                                PID  Runtime      # DAGs    # Errors  Last Runtime    Last Run
-------------------------------------  -----  ---------  --------  ----------  --------------  -------------------
/opt/airflow/dags/analyze_nyc_taxi.py    467  0.04s             0           1  0.20s           2026-02-03T22:15:22
/opt/airflow/dags/ingest_nyc_taxi.py     470  0.01s             0           1  0.13s           2026-02-03T22:15:22
================================================================================
[2026-02-03T22:16:23.231+0000] {manager.py:879} INFO - 
================================================================================
DAG File Processing Stats

File Path                                PID  Runtime      # DAGs    # Errors  Last Runtime    Last Run
-------------------------------------  -----  ---------  --------  ----------  --------------  -------------------
/opt/airflow/dags/analyze_nyc_taxi.py    512  0.03s             0           1  0.19s           2026-02-03T22:15:52
/opt/airflow/dags/ingest_nyc_taxi.py     515  0.01s             0           1  0.12s           2026-02-03T22:15:52
================================================================================
[2026-02-03T22:16:53.809+0000] {manager.py:879} INFO - 
================================================================================
DAG File Processing Stats

File Path                                PID  Runtime      # DAGs    # Errors  Last Runtime    Last Run
-------------------------------------  -----  ---------  --------  ----------  --------------  -------------------
/opt/airflow/dags/analyze_nyc_taxi.py    623  0.05s             0           1  0.20s           2026-02-03T22:16:23
/opt/airflow/dags/ingest_nyc_taxi.py     626  0.01s             0           1  0.12s           2026-02-03T22:16:23
================================================================================
[2026-02-03T22:17:24.462+0000] {manager.py:879} INFO - 
================================================================================
DAG File Processing Stats

File Path                                PID  Runtime      # DAGs    # Errors  Last Runtime    Last Run
-------------------------------------  -----  ---------  --------  ----------  --------------  -------------------
/opt/airflow/dags/analyze_nyc_taxi.py    668  0.05s             0           1  0.22s           2026-02-03T22:16:53
/opt/airflow/dags/ingest_nyc_taxi.py     671  0.00s             0           1  0.13s           2026-02-03T22:16:53
================================================================================
[2026-02-03T22:17:55.250+0000] {manager.py:879} INFO - 
================================================================================
DAG File Processing Stats

File Path                                PID  Runtime      # DAGs    # Errors  Last Runtime    Last Run
-------------------------------------  -----  ---------  --------  ----------  --------------  -------------------
/opt/airflow/dags/analyze_nyc_taxi.py    713  0.04s             0           1  0.20s           2026-02-03T22:17:24
/opt/airflow/dags/ingest_nyc_taxi.py     716  0.01s             0           1  0.14s           2026-02-03T22:17:24
================================================================================
[2026-02-03T22:18:20.401+0000] {manager.py:738} INFO - Searching for files in /opt/airflow/dags
[2026-02-03T22:18:20.468+0000] {manager.py:741} INFO - There are 2 files in /opt/airflow/dags
[2026-02-03T22:18:26.084+0000] {manager.py:879} INFO - 
================================================================================
DAG File Processing Stats

File Path                                PID  Runtime      # DAGs    # Errors  Last Runtime    Last Run
-------------------------------------  -----  ---------  --------  ----------  --------------  -------------------
/opt/airflow/dags/analyze_nyc_taxi.py                           0           1  0.16s           2026-02-03T22:18:10
/opt/airflow/dags/ingest_nyc_taxi.py     763  0.01s             0           1  0.12s           2026-02-03T22:17:55
================================================================================
[2026-02-03T22:18:56.187+0000] {manager.py:879} INFO - 
================================================================================
DAG File Processing Stats

File Path                              PID    Runtime      # DAGs    # Errors  Last Runtime    Last Run
-------------------------------------  -----  ---------  --------  ----------  --------------  -------------------
/opt/airflow/dags/analyze_nyc_taxi.py                           0           1  0.42s           2026-02-03T22:18:41
/opt/airflow/dags/ingest_nyc_taxi.py                            0           1  0.12s           2026-02-03T22:18:26
================================================================================
[2026-02-03T22:19:26.280+0000] {manager.py:879} INFO - 
================================================================================
DAG File Processing Stats

File Path                              PID    Runtime      # DAGs    # Errors  Last Runtime    Last Run
-------------------------------------  -----  ---------  --------  ----------  --------------  -------------------
/opt/airflow/dags/analyze_nyc_taxi.py                           0           1  0.50s           2026-02-03T22:19:12
/opt/airflow/dags/ingest_nyc_taxi.py                            0           1  0.10s           2026-02-03T22:18:56
================================================================================
[2026-02-03T22:19:56.335+0000] {manager.py:879} INFO - 
================================================================================
DAG File Processing Stats

File Path                              PID    Runtime      # DAGs    # Errors  Last Runtime    Last Run
-------------------------------------  -----  ---------  --------  ----------  --------------  -------------------
/opt/airflow/dags/analyze_nyc_taxi.py                           0           1  0.24s           2026-02-03T22:19:43
/opt/airflow/dags/ingest_nyc_taxi.py                            0           1  0.11s           2026-02-03T22:19:27
================================================================================
[2026-02-03T22:20:26.375+0000] {manager.py:879} INFO - 
================================================================================
DAG File Processing Stats

File Path                              PID    Runtime      # DAGs    # Errors  Last Runtime    Last Run
-------------------------------------  -----  ---------  --------  ----------  --------------  -------------------
/opt/airflow/dags/analyze_nyc_taxi.py                           0           1  0.14s           2026-02-03T22:20:14
/opt/airflow/dags/ingest_nyc_taxi.py                            0           1  0.13s           2026-02-03T22:19:57
================================================================================
[2026-02-03T22:20:56.995+0000] {manager.py:879} INFO - 
================================================================================
DAG File Processing Stats

File Path                              PID    Runtime      # DAGs    # Errors  Last Runtime    Last Run
-------------------------------------  -----  ---------  --------  ----------  --------------  -------------------
/opt/airflow/dags/analyze_nyc_taxi.py                           0           1  0.13s           2026-02-03T22:20:44
/opt/airflow/dags/ingest_nyc_taxi.py                            0           1  0.15s           2026-02-03T22:20:28
================================================================================
[2026-02-03T22:21:27.268+0000] {manager.py:879} INFO - 
================================================================================
DAG File Processing Stats

File Path                              PID    Runtime      # DAGs    # Errors  Last Runtime    Last Run
-------------------------------------  -----  ---------  --------  ----------  --------------  -------------------
/opt/airflow/dags/analyze_nyc_taxi.py                           0           1  0.14s           2026-02-03T22:21:15
/opt/airflow/dags/ingest_nyc_taxi.py                            0           1  0.15s           2026-02-03T22:20:59
================================================================================
[2026-02-03T22:21:58.067+0000] {manager.py:879} INFO - 
================================================================================
DAG File Processing Stats

File Path                              PID    Runtime      # DAGs    # Errors  Last Runtime    Last Run
-------------------------------------  -----  ---------  --------  ----------  --------------  -------------------
/opt/airflow/dags/analyze_nyc_taxi.py                           0           1  0.15s           2026-02-03T22:21:45
/opt/airflow/dags/ingest_nyc_taxi.py                            0           1  0.25s           2026-02-03T22:21:29
================================================================================
[2026-02-03T22:22:28.117+0000] {manager.py:879} INFO - 
================================================================================
DAG File Processing Stats

File Path                              PID    Runtime      # DAGs    # Errors  Last Runtime    Last Run
-------------------------------------  -----  ---------  --------  ----------  --------------  -------------------
/opt/airflow/dags/analyze_nyc_taxi.py                           0           1  0.11s           2026-02-03T22:22:16
/opt/airflow/dags/ingest_nyc_taxi.py                            0           1  0.14s           2026-02-03T22:22:00
================================================================================
[2026-02-03T22:22:58.744+0000] {manager.py:879} INFO - 
================================================================================
DAG File Processing Stats

File Path                              PID    Runtime      # DAGs    # Errors  Last Runtime    Last Run
-------------------------------------  -----  ---------  --------  ----------  --------------  -------------------
/opt/airflow/dags/analyze_nyc_taxi.py                           0           1  0.17s           2026-02-03T22:22:47
/opt/airflow/dags/ingest_nyc_taxi.py                            0           1  0.17s           2026-02-03T22:22:31
================================================================================
[2026-02-03T22:23:06.512+0000] {manager.py:451} INFO - Exiting gracefully upon receiving signal 15
[2026-02-03T22:59:06.230+0000] {manager.py:483} INFO - Processing files using up to 2 processes at a time 
[2026-02-03T22:59:06.234+0000] {manager.py:484} INFO - Process each file at most once every 30 seconds
[2026-02-03T22:59:06.241+0000] {manager.py:485} INFO - Checking for new files in /opt/airflow/dags every 300 seconds
[2026-02-03T22:59:06.244+0000] {manager.py:821} INFO - Searching for files in /opt/airflow/dags
[2026-02-03T22:59:06.393+0000] {manager.py:824} INFO - There are 2 files in /opt/airflow/dags
[2026-02-03T22:59:06.549+0000] {manager.py:997} INFO - 
================================================================================
DAG File Processing Stats

File Path                                PID  Runtime      # DAGs    # Errors  Last Runtime    Last Run      Last # of DB Queries
-------------------------------------  -----  ---------  --------  ----------  --------------  ----------  ----------------------
/opt/airflow/dags/analyze_nyc_taxi.py    187  0.07s             0           0                                                   0
/opt/airflow/dags/ingest_nyc_taxi.py     190  0.04s             0           0                                                   0
================================================================================
[2026-02-03T22:59:37.073+0000] {manager.py:997} INFO - 
================================================================================
DAG File Processing Stats

File Path                                PID  Runtime      # DAGs    # Errors  Last Runtime    Last Run               Last # of DB Queries
-------------------------------------  -----  ---------  --------  ----------  --------------  -------------------  ----------------------
/opt/airflow/dags/analyze_nyc_taxi.py    207  0.03s             0           1  0.17s           2026-02-03T22:59:06                       3
/opt/airflow/dags/ingest_nyc_taxi.py     210  0.00s             0           1  0.15s           2026-02-03T22:59:06                       3
================================================================================
[2026-02-03T23:00:07.683+0000] {manager.py:997} INFO - 
================================================================================
DAG File Processing Stats

File Path                                PID  Runtime      # DAGs    # Errors  Last Runtime    Last Run               Last # of DB Queries
-------------------------------------  -----  ---------  --------  ----------  --------------  -------------------  ----------------------
/opt/airflow/dags/analyze_nyc_taxi.py    226  0.04s             0           1  0.13s           2026-02-03T22:59:37                       5
/opt/airflow/dags/ingest_nyc_taxi.py     229  0.01s             0           1  0.11s           2026-02-03T22:59:37                       5
================================================================================
[2026-02-03T23:00:38.212+0000] {manager.py:997} INFO - 
================================================================================
DAG File Processing Stats

File Path                                PID  Runtime      # DAGs    # Errors  Last Runtime    Last Run               Last # of DB Queries
-------------------------------------  -----  ---------  --------  ----------  --------------  -------------------  ----------------------
/opt/airflow/dags/analyze_nyc_taxi.py    245  0.03s             0           1  0.19s           2026-02-03T23:00:07                       5
/opt/airflow/dags/ingest_nyc_taxi.py     248  0.00s             0           1  0.16s           2026-02-03T23:00:07                       5
================================================================================
[2026-02-03T23:01:08.827+0000] {manager.py:997} INFO - 
================================================================================
DAG File Processing Stats

File Path                                PID  Runtime      # DAGs    # Errors  Last Runtime    Last Run               Last # of DB Queries
-------------------------------------  -----  ---------  --------  ----------  --------------  -------------------  ----------------------
/opt/airflow/dags/analyze_nyc_taxi.py    264  0.02s             0           1  0.14s           2026-02-03T23:00:38                       5
/opt/airflow/dags/ingest_nyc_taxi.py     267  0.00s             0           1  0.11s           2026-02-03T23:00:38                       5
================================================================================
[2026-02-03T23:01:39.405+0000] {manager.py:997} INFO - 
================================================================================
DAG File Processing Stats

File Path                                PID  Runtime      # DAGs    # Errors  Last Runtime    Last Run               Last # of DB Queries
-------------------------------------  -----  ---------  --------  ----------  --------------  -------------------  ----------------------
/opt/airflow/dags/analyze_nyc_taxi.py    283  0.03s             0           1  0.14s           2026-02-03T23:01:08                       5
/opt/airflow/dags/ingest_nyc_taxi.py     286  0.01s             0           1  0.11s           2026-02-03T23:01:08                       5
================================================================================
[2026-02-03T23:02:10.047+0000] {manager.py:997} INFO - 
================================================================================
DAG File Processing Stats

File Path                                PID  Runtime      # DAGs    # Errors  Last Runtime    Last Run               Last # of DB Queries
-------------------------------------  -----  ---------  --------  ----------  --------------  -------------------  ----------------------
/opt/airflow/dags/analyze_nyc_taxi.py    302  0.04s             0           1  0.14s           2026-02-03T23:01:39                       5
/opt/airflow/dags/ingest_nyc_taxi.py     305  0.00s             0           1  0.13s           2026-02-03T23:01:39                       5
================================================================================
[2026-02-03T23:02:40.695+0000] {manager.py:997} INFO - 
================================================================================
DAG File Processing Stats

File Path                                PID  Runtime      # DAGs    # Errors  Last Runtime    Last Run               Last # of DB Queries
-------------------------------------  -----  ---------  --------  ----------  --------------  -------------------  ----------------------
/opt/airflow/dags/analyze_nyc_taxi.py    320  0.03s             0           1  0.14s           2026-02-03T23:02:10                       5
/opt/airflow/dags/ingest_nyc_taxi.py     323  0.01s             0           1  0.12s           2026-02-03T23:02:10                       5
================================================================================
[2026-02-03T23:03:11.369+0000] {manager.py:997} INFO - 
================================================================================
DAG File Processing Stats

File Path                                PID  Runtime      # DAGs    # Errors  Last Runtime    Last Run               Last # of DB Queries
-------------------------------------  -----  ---------  --------  ----------  --------------  -------------------  ----------------------
/opt/airflow/dags/analyze_nyc_taxi.py    331  0.07s             0           1  0.12s           2026-02-03T23:02:40                       5
/opt/airflow/dags/ingest_nyc_taxi.py     334  0.01s             0           1  0.11s           2026-02-03T23:02:40                       5
================================================================================
[2026-02-03T23:03:42.034+0000] {manager.py:997} INFO - 
================================================================================
DAG File Processing Stats

File Path                                PID  Runtime      # DAGs    # Errors  Last Runtime    Last Run               Last # of DB Queries
-------------------------------------  -----  ---------  --------  ----------  --------------  -------------------  ----------------------
/opt/airflow/dags/analyze_nyc_taxi.py    350  0.04s             0           1  0.21s           2026-02-03T23:03:11                       5
/opt/airflow/dags/ingest_nyc_taxi.py     353  0.01s             0           1  0.16s           2026-02-03T23:03:11                       5
================================================================================
[2026-02-03T23:04:06.475+0000] {manager.py:821} INFO - Searching for files in /opt/airflow/dags
[2026-02-03T23:04:06.673+0000] {manager.py:824} INFO - There are 2 files in /opt/airflow/dags
[2026-02-03T23:04:12.903+0000] {manager.py:997} INFO - 
================================================================================
DAG File Processing Stats

File Path                                PID  Runtime      # DAGs    # Errors  Last Runtime    Last Run               Last # of DB Queries
-------------------------------------  -----  ---------  --------  ----------  --------------  -------------------  ----------------------
/opt/airflow/dags/analyze_nyc_taxi.py    369  0.03s             0           1  0.19s           2026-02-03T23:03:42                       5
/opt/airflow/dags/ingest_nyc_taxi.py     372  0.01s             0           1  0.17s           2026-02-03T23:03:42                       5
================================================================================
[2026-02-03T23:04:43.620+0000] {manager.py:997} INFO - 
================================================================================
DAG File Processing Stats

File Path                                PID  Runtime      # DAGs    # Errors  Last Runtime    Last Run               Last # of DB Queries
-------------------------------------  -----  ---------  --------  ----------  --------------  -------------------  ----------------------
/opt/airflow/dags/analyze_nyc_taxi.py    389  0.04s             0           1  0.13s           2026-02-03T23:04:13                       5
/opt/airflow/dags/ingest_nyc_taxi.py     392  0.00s             0           1  0.12s           2026-02-03T23:04:13                       5
================================================================================
[2026-02-03T23:05:14.274+0000] {manager.py:997} INFO - 
================================================================================
DAG File Processing Stats

File Path                                PID  Runtime      # DAGs    # Errors  Last Runtime    Last Run               Last # of DB Queries
-------------------------------------  -----  ---------  --------  ----------  --------------  -------------------  ----------------------
/opt/airflow/dags/analyze_nyc_taxi.py    408  0.04s             0           1  0.18s           2026-02-03T23:04:43                       5
/opt/airflow/dags/ingest_nyc_taxi.py     411  0.01s             0           1  0.16s           2026-02-03T23:04:43                       5
================================================================================
[2026-02-03T23:05:44.912+0000] {manager.py:997} INFO - 
================================================================================
DAG File Processing Stats

File Path                                PID  Runtime      # DAGs    # Errors  Last Runtime    Last Run               Last # of DB Queries
-------------------------------------  -----  ---------  --------  ----------  --------------  -------------------  ----------------------
/opt/airflow/dags/analyze_nyc_taxi.py    427  0.03s             0           1  0.18s           2026-02-03T23:05:14                       5
/opt/airflow/dags/ingest_nyc_taxi.py     430  0.00s             0           1  0.16s           2026-02-03T23:05:14                       5
================================================================================
[2026-02-03T23:06:15.636+0000] {manager.py:997} INFO - 
================================================================================
DAG File Processing Stats

File Path                                PID  Runtime      # DAGs    # Errors  Last Runtime    Last Run               Last # of DB Queries
-------------------------------------  -----  ---------  --------  ----------  --------------  -------------------  ----------------------
/opt/airflow/dags/analyze_nyc_taxi.py    446  0.05s             0           1  0.13s           2026-02-03T23:05:45                       5
/opt/airflow/dags/ingest_nyc_taxi.py     449  0.01s             0           1  0.12s           2026-02-03T23:05:45                       5
================================================================================
[2026-02-03T23:06:46.204+0000] {manager.py:997} INFO - 
================================================================================
DAG File Processing Stats

File Path                                PID  Runtime      # DAGs    # Errors  Last Runtime    Last Run               Last # of DB Queries
-------------------------------------  -----  ---------  --------  ----------  --------------  -------------------  ----------------------
/opt/airflow/dags/analyze_nyc_taxi.py    465  0.04s             0           1  0.19s           2026-02-03T23:06:15                       5
/opt/airflow/dags/ingest_nyc_taxi.py     468  0.00s             0           1  0.16s           2026-02-03T23:06:15                       5
================================================================================
[2026-02-03T23:06:47.424+0000] {manager.py:465} INFO - Exiting gracefully upon receiving signal 15
